SF:/Users/poyrazk/dev/Cloud/cloudSearch/rust/crates/cloudsearch-api/src/lib.rs
FN:389,_RNvCs1YBiN3z8ujU_15cloudsearch_api10bulk_index
FN:1030,_RNvCs1YBiN3z8ujU_15cloudsearch_api10parse_sort
FN:1202,_RNvCs1YBiN3z8ujU_15cloudsearch_api11flush_index
FN:1224,_RNvCs1YBiN3z8ujU_15cloudsearch_api11merge_index
FN:600,_RNvCs1YBiN3z8ujU_15cloudsearch_api11parse_query
FN:277,_RNvCs1YBiN3z8ujU_15cloudsearch_api12create_index
FN:308,_RNvCs1YBiN3z8ujU_15cloudsearch_api12delete_index
FN:417,_RNvCs1YBiN3z8ujU_15cloudsearch_api12get_document
FN:1283,_RNvCs1YBiN3z8ujU_15cloudsearch_api12get_snapshot
FN:472,_RNvCs1YBiN3z8ujU_15cloudsearch_api12multi_search
FN:444,_RNvCs1YBiN3z8ujU_15cloudsearch_api12search_index
FN:1174,_RNvCs1YBiN3z8ujU_15cloudsearch_api13refresh_index
FN:350,_RNvCs1YBiN3z8ujU_15cloudsearch_api14index_document
FN:1266,_RNvCs1YBiN3z8ujU_15cloudsearch_api14list_snapshots
FN:1246,_RNvCs1YBiN3z8ujU_15cloudsearch_api15create_snapshot
FN:1310,_RNvCs1YBiN3z8ujU_15cloudsearch_api15delete_snapshot
FN:981,_RNvCs1YBiN3z8ujU_15cloudsearch_api16parse_bool_query
FN:630,_RNvCs1YBiN3z8ujU_15cloudsearch_api16parse_term_query
FN:1330,_RNvCs1YBiN3z8ujU_15cloudsearch_api16restore_snapshot
FN:522,_RNvCs1YBiN3z8ujU_15cloudsearch_api16search_index_get
FN:871,_RNvCs1YBiN3z8ujU_15cloudsearch_api17parse_match_query
FN:716,_RNvCs1YBiN3z8ujU_15cloudsearch_api17parse_range_query
FN:668,_RNvCs1YBiN3z8ujU_15cloudsearch_api17parse_terms_query
FN:1074,_RNvCs1YBiN3z8ujU_15cloudsearch_api17parse_usize_field
FN:926,_RNvCs1YBiN3z8ujU_15cloudsearch_api18parse_phrase_query
FN:761,_RNvCs1YBiN3z8ujU_15cloudsearch_api18parse_prefix_query
FN:1144,_RNvCs1YBiN3z8ujU_15cloudsearch_api19aggregation_to_json
FN:559,_RNvCs1YBiN3z8ujU_15cloudsearch_api20parse_search_request
FN:815,_RNvCs1YBiN3z8ujU_15cloudsearch_api20parse_wildcard_query
FN:236,_RNvCs1YBiN3z8ujU_15cloudsearch_api20router_with_registry
FN:1110,_RNvCs1YBiN3z8ujU_15cloudsearch_api20to_compat_search_hit
FN:331,_RNvCs1YBiN3z8ujU_15cloudsearch_api21update_index_settings
FN:1005,_RNvCs1YBiN3z8ujU_15cloudsearch_api23parse_bool_clause_array
FN:1119,_RNvCs1YBiN3z8ujU_15cloudsearch_api23to_compat_bulk_response
FN:1158,_RNvCs1YBiN3z8ujU_15cloudsearch_api25stats_aggregation_to_json
FN:1152,_RNvCs1YBiN3z8ujU_15cloudsearch_api25terms_aggregation_to_json
FN:1088,_RNvCs1YBiN3z8ujU_15cloudsearch_api25to_compat_search_response
FN:1137,_RNvCs1YBiN3z8ujU_15cloudsearch_api26to_compat_bulk_item_result
FN:1168,_RNvCs1YBiN3z8ujU_15cloudsearch_api34date_histogram_aggregation_to_json
FN:267,_RNvCs1YBiN3z8ujU_15cloudsearch_api6health
FN:232,_RNvCs1YBiN3z8ujU_15cloudsearch_api6router
FN:271,_RNvCs1YBiN3z8ujU_15cloudsearch_api7metrics
FN:293,_RNvCs1YBiN3z8ujU_15cloudsearch_api9get_index
FN:121,_RNvMCs1YBiN3z8ujU_15cloudsearch_apiNtB2_12MetricsState14record_request
FN:142,_RNvMCs1YBiN3z8ujU_15cloudsearch_apiNtB2_12MetricsState6render
FN:220,_RNvMs_Cs1YBiN3z8ujU_15cloudsearch_apiNtB4_8ApiState3new
FN:227,_RNvMs_Cs1YBiN3z8ujU_15cloudsearch_apiNtB4_8ApiState7metrics
FN:1354,_RNvXs0_Cs1YBiN3z8ujU_15cloudsearch_apiNtB5_8ApiErrorINtNtCsiMcf32LsBml_4core7convert4FromNtCs76LUk5Ii80G_18cloudsearch_common16CloudSearchErrorE4from
FN:1360,_RNvXs1_Cs1YBiN3z8ujU_15cloudsearch_apiNtB5_8ApiErrorNtNtNtCsh9rY6vF78Uz_9axum_core8response13into_response12IntoResponse13into_response
FN:426,_RNCNCNvCs1YBiN3z8ujU_15cloudsearch_api12get_document00B5_
FN:532,_RNCNCNvCs1YBiN3z8ujU_15cloudsearch_api16search_index_get00B5_
FN:393,_RNCNvCs1YBiN3z8ujU_15cloudsearch_api10bulk_index0B3_
FN:1047,_RNCNvCs1YBiN3z8ujU_15cloudsearch_api10parse_sort0B3_
FN:1064,_RNCNvCs1YBiN3z8ujU_15cloudsearch_api10parse_sorts0_0B3_
FN:1062,_RNCNvCs1YBiN3z8ujU_15cloudsearch_api10parse_sorts_0B3_
FN:1205,_RNCNvCs1YBiN3z8ujU_15cloudsearch_api11flush_index0B3_
FN:1227,_RNCNvCs1YBiN3z8ujU_15cloudsearch_api11merge_index0B3_
FN:601,_RNCNvCs1YBiN3z8ujU_15cloudsearch_api11parse_query0B3_
FN:281,_RNCNvCs1YBiN3z8ujU_15cloudsearch_api12create_index0B3_
FN:311,_RNCNvCs1YBiN3z8ujU_15cloudsearch_api12delete_index0B3_
FN:420,_RNCNvCs1YBiN3z8ujU_15cloudsearch_api12get_document0B3_
FN:1286,_RNCNvCs1YBiN3z8ujU_15cloudsearch_api12get_snapshot0B3_
FN:475,_RNCNvCs1YBiN3z8ujU_15cloudsearch_api12multi_search0B3_
FN:448,_RNCNvCs1YBiN3z8ujU_15cloudsearch_api12search_index0B3_
FN:1177,_RNCNvCs1YBiN3z8ujU_15cloudsearch_api13refresh_index0B3_
FN:354,_RNCNvCs1YBiN3z8ujU_15cloudsearch_api14index_document0B3_
FN:1269,_RNCNvCs1YBiN3z8ujU_15cloudsearch_api14list_snapshots0B3_
FN:1249,_RNCNvCs1YBiN3z8ujU_15cloudsearch_api15create_snapshot0B3_
FN:1313,_RNCNvCs1YBiN3z8ujU_15cloudsearch_api15delete_snapshot0B3_
FN:982,_RNCNvCs1YBiN3z8ujU_15cloudsearch_api16parse_bool_query0B3_
FN:631,_RNCNvCs1YBiN3z8ujU_15cloudsearch_api16parse_term_query0B3_
FN:643,_RNCNvCs1YBiN3z8ujU_15cloudsearch_api16parse_term_querys0_0B3_
FN:638,_RNCNvCs1YBiN3z8ujU_15cloudsearch_api16parse_term_querys_0B3_
FN:1333,_RNCNvCs1YBiN3z8ujU_15cloudsearch_api16restore_snapshot0B3_
FN:526,_RNCNvCs1YBiN3z8ujU_15cloudsearch_api16search_index_get0B3_
FN:872,_RNCNvCs1YBiN3z8ujU_15cloudsearch_api17parse_match_query0B3_
FN:889,_RNCNvCs1YBiN3z8ujU_15cloudsearch_api17parse_match_querys0_0B3_
FN:915,_RNCNvCs1YBiN3z8ujU_15cloudsearch_api17parse_match_querys1_0B3_
FN:884,_RNCNvCs1YBiN3z8ujU_15cloudsearch_api17parse_match_querys_0B3_
FN:717,_RNCNvCs1YBiN3z8ujU_15cloudsearch_api17parse_range_query0B3_
FN:732,_RNCNvCs1YBiN3z8ujU_15cloudsearch_api17parse_range_querys0_0B3_
FN:733,_RNCNvCs1YBiN3z8ujU_15cloudsearch_api17parse_range_querys1_0B3_
FN:734,_RNCNvCs1YBiN3z8ujU_15cloudsearch_api17parse_range_querys2_0B3_
FN:735,_RNCNvCs1YBiN3z8ujU_15cloudsearch_api17parse_range_querys3_0B3_
FN:746,_RNCNvCs1YBiN3z8ujU_15cloudsearch_api17parse_range_querys4_0B3_
FN:754,_RNCNvCs1YBiN3z8ujU_15cloudsearch_api17parse_range_querys5_0B3_
FN:755,_RNCNvCs1YBiN3z8ujU_15cloudsearch_api17parse_range_querys6_0B3_
FN:756,_RNCNvCs1YBiN3z8ujU_15cloudsearch_api17parse_range_querys7_0B3_
FN:757,_RNCNvCs1YBiN3z8ujU_15cloudsearch_api17parse_range_querys8_0B3_
FN:724,_RNCNvCs1YBiN3z8ujU_15cloudsearch_api17parse_range_querys_0B3_
FN:669,_RNCNvCs1YBiN3z8ujU_15cloudsearch_api17parse_terms_query0B3_
FN:685,_RNCNvCs1YBiN3z8ujU_15cloudsearch_api17parse_terms_querys0_0B3_
FN:704,_RNCNvCs1YBiN3z8ujU_15cloudsearch_api17parse_terms_querys1_0B3_
FN:676,_RNCNvCs1YBiN3z8ujU_15cloudsearch_api17parse_terms_querys_0B3_
FN:1075,_RNCNvCs1YBiN3z8ujU_15cloudsearch_api17parse_usize_field0B3_
FN:1081,_RNCNvCs1YBiN3z8ujU_15cloudsearch_api17parse_usize_fields_0B3_
FN:927,_RNCNvCs1YBiN3z8ujU_15cloudsearch_api18parse_phrase_query0B3_
FN:944,_RNCNvCs1YBiN3z8ujU_15cloudsearch_api18parse_phrase_querys0_0B3_
FN:970,_RNCNvCs1YBiN3z8ujU_15cloudsearch_api18parse_phrase_querys1_0B3_
FN:939,_RNCNvCs1YBiN3z8ujU_15cloudsearch_api18parse_phrase_querys_0B3_
FN:762,_RNCNvCs1YBiN3z8ujU_15cloudsearch_api18parse_prefix_query0B3_
FN:779,_RNCNvCs1YBiN3z8ujU_15cloudsearch_api18parse_prefix_querys0_0B3_
FN:804,_RNCNvCs1YBiN3z8ujU_15cloudsearch_api18parse_prefix_querys1_0B3_
FN:774,_RNCNvCs1YBiN3z8ujU_15cloudsearch_api18parse_prefix_querys_0B3_
FN:561,_RNCNvCs1YBiN3z8ujU_15cloudsearch_api20parse_search_request0B3_
FN:571,_RNCNvCs1YBiN3z8ujU_15cloudsearch_api20parse_search_requests0_0B3_
FN:575,_RNCNvCs1YBiN3z8ujU_15cloudsearch_api20parse_search_requests1_0B3_
FN:579,_RNCNvCs1YBiN3z8ujU_15cloudsearch_api20parse_search_requests2_0B3_
FN:585,_RNCNvCs1YBiN3z8ujU_15cloudsearch_api20parse_search_requests3_0B3_
FN:586,_RNCNvCs1YBiN3z8ujU_15cloudsearch_api20parse_search_requests4_0B3_
FN:567,_RNCNvCs1YBiN3z8ujU_15cloudsearch_api20parse_search_requests_0B3_
FN:816,_RNCNvCs1YBiN3z8ujU_15cloudsearch_api20parse_wildcard_query0B3_
FN:833,_RNCNvCs1YBiN3z8ujU_15cloudsearch_api20parse_wildcard_querys0_0B3_
FN:860,_RNCNvCs1YBiN3z8ujU_15cloudsearch_api20parse_wildcard_querys1_0B3_
FN:828,_RNCNvCs1YBiN3z8ujU_15cloudsearch_api20parse_wildcard_querys_0B3_
FN:335,_RNCNvCs1YBiN3z8ujU_15cloudsearch_api21update_index_settings0B3_
FN:1017,_RNCNvCs1YBiN3z8ujU_15cloudsearch_api23parse_bool_clause_array0B3_
FN:1025,_RNCNvCs1YBiN3z8ujU_15cloudsearch_api23parse_bool_clause_arrays_0B3_
FN:1125,_RNCNvCs1YBiN3z8ujU_15cloudsearch_api23to_compat_bulk_response0B3_
FN:1105,_RNCNvCs1YBiN3z8ujU_15cloudsearch_api25to_compat_search_response0B3_
FN:267,_RNCNvCs1YBiN3z8ujU_15cloudsearch_api6health0B3_
FN:271,_RNCNvCs1YBiN3z8ujU_15cloudsearch_api7metrics0B3_
FN:296,_RNCNvCs1YBiN3z8ujU_15cloudsearch_api9get_index0B3_
FN:1921,_RNCNvNtCsgym4EsKvyAj_15cloudsearch_api5testss_28searches_documents_over_http0B5_
FN:3759,_RNCNvNtCsgym4EsKvyAj_15cloudsearch_api5testss_32bulk_returns_exact_success_shape0B5_
FN:1751,_RNCNvNtCsgym4EsKvyAj_15cloudsearch_api5testss_33accepts_valid_namespace_over_http0B5_
FN:1683,_RNCNvNtCsgym4EsKvyAj_15cloudsearch_api5testss_33rejects_empty_namespace_over_http0B5_
FN:1565,_RNCNvNtCsgym4EsKvyAj_15cloudsearch_api5testss_35creates_and_fetches_index_over_http0B5_
FN:1416,_RNCNvNtCsgym4EsKvyAj_15cloudsearch_api5testss_35health_returns_exact_response_shape0B5_
FN:1635,_RNCNvNtCsgym4EsKvyAj_15cloudsearch_api5testss_35rejects_invalid_namespace_over_http0B5_
FN:1717,_RNCNvNtCsgym4EsKvyAj_15cloudsearch_api5testss_36rejects_too_long_namespace_over_http0B5_
FN:4333,_RNCNvNtCsgym4EsKvyAj_15cloudsearch_api5testss_37flush_missing_index_returns_not_found0B5_
FN:1850,_RNCNvNtCsgym4EsKvyAj_15cloudsearch_api5testss_38indexes_and_fetches_document_over_http0B5_
FN:2528,_RNCNvNtCsgym4EsKvyAj_15cloudsearch_api5testss_39bulk_on_deleted_index_returns_not_found0B5_
FN:2447,_RNCNvNtCsgym4EsKvyAj_15cloudsearch_api5testss_39bulk_on_missing_index_returns_not_found0B5_
FN:3829,_RNCNvNtCsgym4EsKvyAj_15cloudsearch_api5testss_40exceeding_max_fields_returns_bad_request0B5_
FN:3116,_RNCNvNtCsgym4EsKvyAj_15cloudsearch_api5testss_40invalid_sort_payload_returns_bad_request0B5_
FN:2088,_RNCNvNtCsgym4EsKvyAj_15cloudsearch_api5testss_40refresh_and_range_queries_work_over_http0B5_
FN:3164,_RNCNvNtCsgym4EsKvyAj_15cloudsearch_api5testss_40sort_on_object_field_returns_bad_request0B5_
FN:2742,_RNCNvNtCsgym4EsKvyAj_15cloudsearch_api5testss_41returns_exact_empty_search_response_shape0B5_
FN:4135,_RNCNvNtCsgym4EsKvyAj_15cloudsearch_api5testss_42date_histogram_aggregation_works_over_http0B5_
FN:2634,_RNCNvNtCsgym4EsKvyAj_15cloudsearch_api5testss_42put_doc_on_missing_index_returns_not_found0B5_
FN:2889,_RNCNvNtCsgym4EsKvyAj_15cloudsearch_api5testss_42returns_exact_missing_document_error_shape0B5_
FN:1785,_RNCNvNtCsgym4EsKvyAj_15cloudsearch_api5testss_43deletes_index_over_http_and_allows_recreate0B5_
FN:2664,_RNCNvNtCsgym4EsKvyAj_15cloudsearch_api5testss_43returns_client_error_for_malformed_payloads0B5_
FN:4011,_RNCNvNtCsgym4EsKvyAj_15cloudsearch_api5testss_43terms_and_stats_aggregations_work_over_http0B5_
FN:2581,_RNCNvNtCsgym4EsKvyAj_15cloudsearch_api5testss_44bulk_delete_of_nonexistent_document_succeeds0B5_
FN:2717,_RNCNvNtCsgym4EsKvyAj_15cloudsearch_api5testss_45returns_not_found_for_search_on_missing_index0B5_
FN:3463,_RNCNvNtCsgym4EsKvyAj_15cloudsearch_api5testss_45supports_expanded_bool_query_shapes_over_http0B5_
FN:2479,_RNCNvNtCsgym4EsKvyAj_15cloudsearch_api5testss_46bulk_with_empty_operations_returns_empty_items0B5_
FN:3565,_RNCNvNtCsgym4EsKvyAj_15cloudsearch_api5testss_46rejects_unsupported_elasticsearch_style_shapes0B5_
FN:2385,_RNCNvNtCsgym4EsKvyAj_15cloudsearch_api5testss_48returns_not_found_for_missing_document_and_index0B5_
FN:2980,_RNCNvNtCsgym4EsKvyAj_15cloudsearch_api5testss_48terms_query_and_sorted_pagination_work_over_http0B5_
FN:2230,_RNCNvNtCsgym4EsKvyAj_15cloudsearch_api5testss_50bulk_ingest_orders_operations_and_requires_refresh0B5_
FN:4253,_RNCNvNtCsgym4EsKvyAj_15cloudsearch_api5testss_51flush_persists_state_and_returns_response_over_http0B5_
FN:3249,_RNCNvNtCsgym4EsKvyAj_15cloudsearch_api5testss_51supports_elasticsearch_style_query_shapes_over_http0B5_
FN:3638,_RNCNvNtCsgym4EsKvyAj_15cloudsearch_api5testss_52strict_mode_and_mapping_conflicts_return_bad_request0B5_
FN:1446,_RNCNvNtCsgym4EsKvyAj_15cloudsearch_api5testss_55metrics_endpoint_exposes_request_and_operation_counters0B5_
FN:4354,_RNCNvNtCsgym4EsKvyAj_15cloudsearch_api5testss_59merge_endpoint_returns_merge_response_and_increments_metric0B5_
FN:2807,_RNCNvNtCsgym4EsKvyAj_15cloudsearch_api5testss_60overwriting_same_document_id_returns_latest_source_over_http0B5_
FN:2939,_RNCNvNtCsgym4EsKvyAj_15cloudsearch_api5testss_60returns_client_error_for_semantically_invalid_search_payload0B5_
FN:3888,_RNCNvNtCsgym4EsKvyAj_15cloudsearch_api5testss_60successful_search_response_shape_is_exact_for_paginated_sort0B5_
FN:1407,_RNCNvNtCsgym4EsKvyAj_15cloudsearch_api5tests8test_api0B5_
FN:1407,_RNvNtCsgym4EsKvyAj_15cloudsearch_api5tests8test_api
FN:389,_RNvCsgym4EsKvyAj_15cloudsearch_api10bulk_index
FN:1030,_RNvCsgym4EsKvyAj_15cloudsearch_api10parse_sort
FN:1202,_RNvCsgym4EsKvyAj_15cloudsearch_api11flush_index
FN:1224,_RNvCsgym4EsKvyAj_15cloudsearch_api11merge_index
FN:600,_RNvCsgym4EsKvyAj_15cloudsearch_api11parse_query
FN:277,_RNvCsgym4EsKvyAj_15cloudsearch_api12create_index
FN:308,_RNvCsgym4EsKvyAj_15cloudsearch_api12delete_index
FN:417,_RNvCsgym4EsKvyAj_15cloudsearch_api12get_document
FN:1283,_RNvCsgym4EsKvyAj_15cloudsearch_api12get_snapshot
FN:472,_RNvCsgym4EsKvyAj_15cloudsearch_api12multi_search
FN:444,_RNvCsgym4EsKvyAj_15cloudsearch_api12search_index
FN:1174,_RNvCsgym4EsKvyAj_15cloudsearch_api13refresh_index
FN:350,_RNvCsgym4EsKvyAj_15cloudsearch_api14index_document
FN:1266,_RNvCsgym4EsKvyAj_15cloudsearch_api14list_snapshots
FN:1246,_RNvCsgym4EsKvyAj_15cloudsearch_api15create_snapshot
FN:1310,_RNvCsgym4EsKvyAj_15cloudsearch_api15delete_snapshot
FN:981,_RNvCsgym4EsKvyAj_15cloudsearch_api16parse_bool_query
FN:630,_RNvCsgym4EsKvyAj_15cloudsearch_api16parse_term_query
FN:1330,_RNvCsgym4EsKvyAj_15cloudsearch_api16restore_snapshot
FN:522,_RNvCsgym4EsKvyAj_15cloudsearch_api16search_index_get
FN:871,_RNvCsgym4EsKvyAj_15cloudsearch_api17parse_match_query
FN:716,_RNvCsgym4EsKvyAj_15cloudsearch_api17parse_range_query
FN:668,_RNvCsgym4EsKvyAj_15cloudsearch_api17parse_terms_query
FN:1074,_RNvCsgym4EsKvyAj_15cloudsearch_api17parse_usize_field
FN:926,_RNvCsgym4EsKvyAj_15cloudsearch_api18parse_phrase_query
FN:761,_RNvCsgym4EsKvyAj_15cloudsearch_api18parse_prefix_query
FN:1144,_RNvCsgym4EsKvyAj_15cloudsearch_api19aggregation_to_json
FN:559,_RNvCsgym4EsKvyAj_15cloudsearch_api20parse_search_request
FN:815,_RNvCsgym4EsKvyAj_15cloudsearch_api20parse_wildcard_query
FN:236,_RNvCsgym4EsKvyAj_15cloudsearch_api20router_with_registry
FN:1110,_RNvCsgym4EsKvyAj_15cloudsearch_api20to_compat_search_hit
FN:331,_RNvCsgym4EsKvyAj_15cloudsearch_api21update_index_settings
FN:1005,_RNvCsgym4EsKvyAj_15cloudsearch_api23parse_bool_clause_array
FN:1119,_RNvCsgym4EsKvyAj_15cloudsearch_api23to_compat_bulk_response
FN:1158,_RNvCsgym4EsKvyAj_15cloudsearch_api25stats_aggregation_to_json
FN:1152,_RNvCsgym4EsKvyAj_15cloudsearch_api25terms_aggregation_to_json
FN:1088,_RNvCsgym4EsKvyAj_15cloudsearch_api25to_compat_search_response
FN:1137,_RNvCsgym4EsKvyAj_15cloudsearch_api26to_compat_bulk_item_result
FN:1168,_RNvCsgym4EsKvyAj_15cloudsearch_api34date_histogram_aggregation_to_json
FN:267,_RNvCsgym4EsKvyAj_15cloudsearch_api6health
FN:232,_RNvCsgym4EsKvyAj_15cloudsearch_api6router
FN:271,_RNvCsgym4EsKvyAj_15cloudsearch_api7metrics
FN:293,_RNvCsgym4EsKvyAj_15cloudsearch_api9get_index
FN:121,_RNvMCsgym4EsKvyAj_15cloudsearch_apiNtB2_12MetricsState14record_request
FN:142,_RNvMCsgym4EsKvyAj_15cloudsearch_apiNtB2_12MetricsState6render
FN:220,_RNvMs_Csgym4EsKvyAj_15cloudsearch_apiNtB4_8ApiState3new
FN:227,_RNvMs_Csgym4EsKvyAj_15cloudsearch_apiNtB4_8ApiState7metrics
FN:1354,_RNvXs0_Csgym4EsKvyAj_15cloudsearch_apiNtB5_8ApiErrorINtNtCsiMcf32LsBml_4core7convert4FromNtCs76LUk5Ii80G_18cloudsearch_common16CloudSearchErrorE4from
FN:1360,_RNvXs1_Csgym4EsKvyAj_15cloudsearch_apiNtB5_8ApiErrorNtNtNtCsh9rY6vF78Uz_9axum_core8response13into_response12IntoResponse13into_response
FN:426,_RNCNCNvCsgym4EsKvyAj_15cloudsearch_api12get_document00B5_
FN:532,_RNCNCNvCsgym4EsKvyAj_15cloudsearch_api16search_index_get00B5_
FN:393,_RNCNvCsgym4EsKvyAj_15cloudsearch_api10bulk_index0B3_
FN:1047,_RNCNvCsgym4EsKvyAj_15cloudsearch_api10parse_sort0B3_
FN:1064,_RNCNvCsgym4EsKvyAj_15cloudsearch_api10parse_sorts0_0B3_
FN:1062,_RNCNvCsgym4EsKvyAj_15cloudsearch_api10parse_sorts_0B3_
FN:1205,_RNCNvCsgym4EsKvyAj_15cloudsearch_api11flush_index0B3_
FN:1227,_RNCNvCsgym4EsKvyAj_15cloudsearch_api11merge_index0B3_
FN:601,_RNCNvCsgym4EsKvyAj_15cloudsearch_api11parse_query0B3_
FN:281,_RNCNvCsgym4EsKvyAj_15cloudsearch_api12create_index0B3_
FN:311,_RNCNvCsgym4EsKvyAj_15cloudsearch_api12delete_index0B3_
FN:420,_RNCNvCsgym4EsKvyAj_15cloudsearch_api12get_document0B3_
FN:1286,_RNCNvCsgym4EsKvyAj_15cloudsearch_api12get_snapshot0B3_
FN:475,_RNCNvCsgym4EsKvyAj_15cloudsearch_api12multi_search0B3_
FN:448,_RNCNvCsgym4EsKvyAj_15cloudsearch_api12search_index0B3_
FN:1177,_RNCNvCsgym4EsKvyAj_15cloudsearch_api13refresh_index0B3_
FN:354,_RNCNvCsgym4EsKvyAj_15cloudsearch_api14index_document0B3_
FN:1269,_RNCNvCsgym4EsKvyAj_15cloudsearch_api14list_snapshots0B3_
FN:1249,_RNCNvCsgym4EsKvyAj_15cloudsearch_api15create_snapshot0B3_
FN:1313,_RNCNvCsgym4EsKvyAj_15cloudsearch_api15delete_snapshot0B3_
FN:982,_RNCNvCsgym4EsKvyAj_15cloudsearch_api16parse_bool_query0B3_
FN:631,_RNCNvCsgym4EsKvyAj_15cloudsearch_api16parse_term_query0B3_
FN:643,_RNCNvCsgym4EsKvyAj_15cloudsearch_api16parse_term_querys0_0B3_
FN:638,_RNCNvCsgym4EsKvyAj_15cloudsearch_api16parse_term_querys_0B3_
FN:1333,_RNCNvCsgym4EsKvyAj_15cloudsearch_api16restore_snapshot0B3_
FN:526,_RNCNvCsgym4EsKvyAj_15cloudsearch_api16search_index_get0B3_
FN:872,_RNCNvCsgym4EsKvyAj_15cloudsearch_api17parse_match_query0B3_
FN:889,_RNCNvCsgym4EsKvyAj_15cloudsearch_api17parse_match_querys0_0B3_
FN:915,_RNCNvCsgym4EsKvyAj_15cloudsearch_api17parse_match_querys1_0B3_
FN:884,_RNCNvCsgym4EsKvyAj_15cloudsearch_api17parse_match_querys_0B3_
FN:717,_RNCNvCsgym4EsKvyAj_15cloudsearch_api17parse_range_query0B3_
FN:732,_RNCNvCsgym4EsKvyAj_15cloudsearch_api17parse_range_querys0_0B3_
FN:733,_RNCNvCsgym4EsKvyAj_15cloudsearch_api17parse_range_querys1_0B3_
FN:734,_RNCNvCsgym4EsKvyAj_15cloudsearch_api17parse_range_querys2_0B3_
FN:735,_RNCNvCsgym4EsKvyAj_15cloudsearch_api17parse_range_querys3_0B3_
FN:746,_RNCNvCsgym4EsKvyAj_15cloudsearch_api17parse_range_querys4_0B3_
FN:754,_RNCNvCsgym4EsKvyAj_15cloudsearch_api17parse_range_querys5_0B3_
FN:755,_RNCNvCsgym4EsKvyAj_15cloudsearch_api17parse_range_querys6_0B3_
FN:756,_RNCNvCsgym4EsKvyAj_15cloudsearch_api17parse_range_querys7_0B3_
FN:757,_RNCNvCsgym4EsKvyAj_15cloudsearch_api17parse_range_querys8_0B3_
FN:724,_RNCNvCsgym4EsKvyAj_15cloudsearch_api17parse_range_querys_0B3_
FN:669,_RNCNvCsgym4EsKvyAj_15cloudsearch_api17parse_terms_query0B3_
FN:685,_RNCNvCsgym4EsKvyAj_15cloudsearch_api17parse_terms_querys0_0B3_
FN:704,_RNCNvCsgym4EsKvyAj_15cloudsearch_api17parse_terms_querys1_0B3_
FN:676,_RNCNvCsgym4EsKvyAj_15cloudsearch_api17parse_terms_querys_0B3_
FN:1075,_RNCNvCsgym4EsKvyAj_15cloudsearch_api17parse_usize_field0B3_
FN:1081,_RNCNvCsgym4EsKvyAj_15cloudsearch_api17parse_usize_fields_0B3_
FN:927,_RNCNvCsgym4EsKvyAj_15cloudsearch_api18parse_phrase_query0B3_
FN:944,_RNCNvCsgym4EsKvyAj_15cloudsearch_api18parse_phrase_querys0_0B3_
FN:970,_RNCNvCsgym4EsKvyAj_15cloudsearch_api18parse_phrase_querys1_0B3_
FN:939,_RNCNvCsgym4EsKvyAj_15cloudsearch_api18parse_phrase_querys_0B3_
FN:762,_RNCNvCsgym4EsKvyAj_15cloudsearch_api18parse_prefix_query0B3_
FN:779,_RNCNvCsgym4EsKvyAj_15cloudsearch_api18parse_prefix_querys0_0B3_
FN:804,_RNCNvCsgym4EsKvyAj_15cloudsearch_api18parse_prefix_querys1_0B3_
FN:774,_RNCNvCsgym4EsKvyAj_15cloudsearch_api18parse_prefix_querys_0B3_
FN:561,_RNCNvCsgym4EsKvyAj_15cloudsearch_api20parse_search_request0B3_
FN:571,_RNCNvCsgym4EsKvyAj_15cloudsearch_api20parse_search_requests0_0B3_
FN:575,_RNCNvCsgym4EsKvyAj_15cloudsearch_api20parse_search_requests1_0B3_
FN:579,_RNCNvCsgym4EsKvyAj_15cloudsearch_api20parse_search_requests2_0B3_
FN:585,_RNCNvCsgym4EsKvyAj_15cloudsearch_api20parse_search_requests3_0B3_
FN:586,_RNCNvCsgym4EsKvyAj_15cloudsearch_api20parse_search_requests4_0B3_
FN:567,_RNCNvCsgym4EsKvyAj_15cloudsearch_api20parse_search_requests_0B3_
FN:816,_RNCNvCsgym4EsKvyAj_15cloudsearch_api20parse_wildcard_query0B3_
FN:833,_RNCNvCsgym4EsKvyAj_15cloudsearch_api20parse_wildcard_querys0_0B3_
FN:860,_RNCNvCsgym4EsKvyAj_15cloudsearch_api20parse_wildcard_querys1_0B3_
FN:828,_RNCNvCsgym4EsKvyAj_15cloudsearch_api20parse_wildcard_querys_0B3_
FN:335,_RNCNvCsgym4EsKvyAj_15cloudsearch_api21update_index_settings0B3_
FN:1017,_RNCNvCsgym4EsKvyAj_15cloudsearch_api23parse_bool_clause_array0B3_
FN:1025,_RNCNvCsgym4EsKvyAj_15cloudsearch_api23parse_bool_clause_arrays_0B3_
FN:1125,_RNCNvCsgym4EsKvyAj_15cloudsearch_api23to_compat_bulk_response0B3_
FN:1105,_RNCNvCsgym4EsKvyAj_15cloudsearch_api25to_compat_search_response0B3_
FN:267,_RNCNvCsgym4EsKvyAj_15cloudsearch_api6health0B3_
FN:271,_RNCNvCsgym4EsKvyAj_15cloudsearch_api7metrics0B3_
FN:296,_RNCNvCsgym4EsKvyAj_15cloudsearch_api9get_index0B3_
FN:1921,_RNvNtCsgym4EsKvyAj_15cloudsearch_api5testss_28searches_documents_over_http
FN:3759,_RNvNtCsgym4EsKvyAj_15cloudsearch_api5testss_32bulk_returns_exact_success_shape
FN:1751,_RNvNtCsgym4EsKvyAj_15cloudsearch_api5testss_33accepts_valid_namespace_over_http
FN:1683,_RNvNtCsgym4EsKvyAj_15cloudsearch_api5testss_33rejects_empty_namespace_over_http
FN:1565,_RNvNtCsgym4EsKvyAj_15cloudsearch_api5testss_35creates_and_fetches_index_over_http
FN:1416,_RNvNtCsgym4EsKvyAj_15cloudsearch_api5testss_35health_returns_exact_response_shape
FN:1635,_RNvNtCsgym4EsKvyAj_15cloudsearch_api5testss_35rejects_invalid_namespace_over_http
FN:1717,_RNvNtCsgym4EsKvyAj_15cloudsearch_api5testss_36rejects_too_long_namespace_over_http
FN:4333,_RNvNtCsgym4EsKvyAj_15cloudsearch_api5testss_37flush_missing_index_returns_not_found
FN:1850,_RNvNtCsgym4EsKvyAj_15cloudsearch_api5testss_38indexes_and_fetches_document_over_http
FN:2528,_RNvNtCsgym4EsKvyAj_15cloudsearch_api5testss_39bulk_on_deleted_index_returns_not_found
FN:2447,_RNvNtCsgym4EsKvyAj_15cloudsearch_api5testss_39bulk_on_missing_index_returns_not_found
FN:3829,_RNvNtCsgym4EsKvyAj_15cloudsearch_api5testss_40exceeding_max_fields_returns_bad_request
FN:3116,_RNvNtCsgym4EsKvyAj_15cloudsearch_api5testss_40invalid_sort_payload_returns_bad_request
FN:2088,_RNvNtCsgym4EsKvyAj_15cloudsearch_api5testss_40refresh_and_range_queries_work_over_http
FN:3164,_RNvNtCsgym4EsKvyAj_15cloudsearch_api5testss_40sort_on_object_field_returns_bad_request
FN:2742,_RNvNtCsgym4EsKvyAj_15cloudsearch_api5testss_41returns_exact_empty_search_response_shape
FN:4135,_RNvNtCsgym4EsKvyAj_15cloudsearch_api5testss_42date_histogram_aggregation_works_over_http
FN:2634,_RNvNtCsgym4EsKvyAj_15cloudsearch_api5testss_42put_doc_on_missing_index_returns_not_found
FN:2889,_RNvNtCsgym4EsKvyAj_15cloudsearch_api5testss_42returns_exact_missing_document_error_shape
FN:1785,_RNvNtCsgym4EsKvyAj_15cloudsearch_api5testss_43deletes_index_over_http_and_allows_recreate
FN:2664,_RNvNtCsgym4EsKvyAj_15cloudsearch_api5testss_43returns_client_error_for_malformed_payloads
FN:4011,_RNvNtCsgym4EsKvyAj_15cloudsearch_api5testss_43terms_and_stats_aggregations_work_over_http
FN:2581,_RNvNtCsgym4EsKvyAj_15cloudsearch_api5testss_44bulk_delete_of_nonexistent_document_succeeds
FN:2717,_RNvNtCsgym4EsKvyAj_15cloudsearch_api5testss_45returns_not_found_for_search_on_missing_index
FN:3463,_RNvNtCsgym4EsKvyAj_15cloudsearch_api5testss_45supports_expanded_bool_query_shapes_over_http
FN:2479,_RNvNtCsgym4EsKvyAj_15cloudsearch_api5testss_46bulk_with_empty_operations_returns_empty_items
FN:3565,_RNvNtCsgym4EsKvyAj_15cloudsearch_api5testss_46rejects_unsupported_elasticsearch_style_shapes
FN:2385,_RNvNtCsgym4EsKvyAj_15cloudsearch_api5testss_48returns_not_found_for_missing_document_and_index
FN:2980,_RNvNtCsgym4EsKvyAj_15cloudsearch_api5testss_48terms_query_and_sorted_pagination_work_over_http
FN:2230,_RNvNtCsgym4EsKvyAj_15cloudsearch_api5testss_50bulk_ingest_orders_operations_and_requires_refresh
FN:4253,_RNvNtCsgym4EsKvyAj_15cloudsearch_api5testss_51flush_persists_state_and_returns_response_over_http
FN:3249,_RNvNtCsgym4EsKvyAj_15cloudsearch_api5testss_51supports_elasticsearch_style_query_shapes_over_http
FN:3638,_RNvNtCsgym4EsKvyAj_15cloudsearch_api5testss_52strict_mode_and_mapping_conflicts_return_bad_request
FN:1446,_RNvNtCsgym4EsKvyAj_15cloudsearch_api5testss_55metrics_endpoint_exposes_request_and_operation_counters
FN:4354,_RNvNtCsgym4EsKvyAj_15cloudsearch_api5testss_59merge_endpoint_returns_merge_response_and_increments_metric
FN:2807,_RNvNtCsgym4EsKvyAj_15cloudsearch_api5testss_60overwriting_same_document_id_returns_latest_source_over_http
FN:2939,_RNvNtCsgym4EsKvyAj_15cloudsearch_api5testss_60returns_client_error_for_semantically_invalid_search_payload
FN:3888,_RNvNtCsgym4EsKvyAj_15cloudsearch_api5testss_60successful_search_response_shape_is_exact_for_paginated_sort
FNDA:2,_RNvCs1YBiN3z8ujU_15cloudsearch_api10bulk_index
FNDA:0,_RNvCs1YBiN3z8ujU_15cloudsearch_api10parse_sort
FNDA:0,_RNvCs1YBiN3z8ujU_15cloudsearch_api11flush_index
FNDA:0,_RNvCs1YBiN3z8ujU_15cloudsearch_api11merge_index
FNDA:24,_RNvCs1YBiN3z8ujU_15cloudsearch_api11parse_query
FNDA:31,_RNvCs1YBiN3z8ujU_15cloudsearch_api12create_index
FNDA:0,_RNvCs1YBiN3z8ujU_15cloudsearch_api12delete_index
FNDA:0,_RNvCs1YBiN3z8ujU_15cloudsearch_api12get_document
FNDA:0,_RNvCs1YBiN3z8ujU_15cloudsearch_api12get_snapshot
FNDA:0,_RNvCs1YBiN3z8ujU_15cloudsearch_api12multi_search
FNDA:25,_RNvCs1YBiN3z8ujU_15cloudsearch_api12search_index
FNDA:1,_RNvCs1YBiN3z8ujU_15cloudsearch_api13refresh_index
FNDA:1,_RNvCs1YBiN3z8ujU_15cloudsearch_api14index_document
FNDA:0,_RNvCs1YBiN3z8ujU_15cloudsearch_api14list_snapshots
FNDA:0,_RNvCs1YBiN3z8ujU_15cloudsearch_api15create_snapshot
FNDA:0,_RNvCs1YBiN3z8ujU_15cloudsearch_api15delete_snapshot
FNDA:1,_RNvCs1YBiN3z8ujU_15cloudsearch_api16parse_bool_query
FNDA:2,_RNvCs1YBiN3z8ujU_15cloudsearch_api16parse_term_query
FNDA:0,_RNvCs1YBiN3z8ujU_15cloudsearch_api16restore_snapshot
FNDA:0,_RNvCs1YBiN3z8ujU_15cloudsearch_api16search_index_get
FNDA:4,_RNvCs1YBiN3z8ujU_15cloudsearch_api17parse_match_query
FNDA:1,_RNvCs1YBiN3z8ujU_15cloudsearch_api17parse_range_query
FNDA:0,_RNvCs1YBiN3z8ujU_15cloudsearch_api17parse_terms_query
FNDA:1,_RNvCs1YBiN3z8ujU_15cloudsearch_api17parse_usize_field
FNDA:0,_RNvCs1YBiN3z8ujU_15cloudsearch_api18parse_phrase_query
FNDA:6,_RNvCs1YBiN3z8ujU_15cloudsearch_api18parse_prefix_query
FNDA:0,_RNvCs1YBiN3z8ujU_15cloudsearch_api19aggregation_to_json
FNDA:25,_RNvCs1YBiN3z8ujU_15cloudsearch_api20parse_search_request
FNDA:6,_RNvCs1YBiN3z8ujU_15cloudsearch_api20parse_wildcard_query
FNDA:31,_RNvCs1YBiN3z8ujU_15cloudsearch_api20router_with_registry
FNDA:0,_RNvCs1YBiN3z8ujU_15cloudsearch_api20to_compat_search_hit
FNDA:0,_RNvCs1YBiN3z8ujU_15cloudsearch_api21update_index_settings
FNDA:1,_RNvCs1YBiN3z8ujU_15cloudsearch_api23parse_bool_clause_array
FNDA:2,_RNvCs1YBiN3z8ujU_15cloudsearch_api23to_compat_bulk_response
FNDA:0,_RNvCs1YBiN3z8ujU_15cloudsearch_api25stats_aggregation_to_json
FNDA:0,_RNvCs1YBiN3z8ujU_15cloudsearch_api25terms_aggregation_to_json
FNDA:7,_RNvCs1YBiN3z8ujU_15cloudsearch_api25to_compat_search_response
FNDA:1,_RNvCs1YBiN3z8ujU_15cloudsearch_api26to_compat_bulk_item_result
FNDA:0,_RNvCs1YBiN3z8ujU_15cloudsearch_api34date_histogram_aggregation_to_json
FNDA:0,_RNvCs1YBiN3z8ujU_15cloudsearch_api6health
FNDA:31,_RNvCs1YBiN3z8ujU_15cloudsearch_api6router
FNDA:2,_RNvCs1YBiN3z8ujU_15cloudsearch_api7metrics
FNDA:0,_RNvCs1YBiN3z8ujU_15cloudsearch_api9get_index
FNDA:42,_RNvMCs1YBiN3z8ujU_15cloudsearch_apiNtB2_12MetricsState14record_request
FNDA:2,_RNvMCs1YBiN3z8ujU_15cloudsearch_apiNtB2_12MetricsState6render
FNDA:31,_RNvMs_Cs1YBiN3z8ujU_15cloudsearch_apiNtB4_8ApiState3new
FNDA:44,_RNvMs_Cs1YBiN3z8ujU_15cloudsearch_apiNtB4_8ApiState7metrics
FNDA:0,_RNvXs0_Cs1YBiN3z8ujU_15cloudsearch_apiNtB5_8ApiErrorINtNtCsiMcf32LsBml_4core7convert4FromNtCs76LUk5Ii80G_18cloudsearch_common16CloudSearchErrorE4from
FNDA:18,_RNvXs1_Cs1YBiN3z8ujU_15cloudsearch_apiNtB5_8ApiErrorNtNtNtCsh9rY6vF78Uz_9axum_core8response13into_response12IntoResponse13into_response
FNDA:0,_RNCNCNvCs1YBiN3z8ujU_15cloudsearch_api12get_document00B5_
FNDA:0,_RNCNCNvCs1YBiN3z8ujU_15cloudsearch_api16search_index_get00B5_
FNDA:2,_RNCNvCs1YBiN3z8ujU_15cloudsearch_api10bulk_index0B3_
FNDA:0,_RNCNvCs1YBiN3z8ujU_15cloudsearch_api10parse_sort0B3_
FNDA:0,_RNCNvCs1YBiN3z8ujU_15cloudsearch_api10parse_sorts0_0B3_
FNDA:0,_RNCNvCs1YBiN3z8ujU_15cloudsearch_api10parse_sorts_0B3_
FNDA:0,_RNCNvCs1YBiN3z8ujU_15cloudsearch_api11flush_index0B3_
FNDA:0,_RNCNvCs1YBiN3z8ujU_15cloudsearch_api11merge_index0B3_
FNDA:1,_RNCNvCs1YBiN3z8ujU_15cloudsearch_api11parse_query0B3_
FNDA:31,_RNCNvCs1YBiN3z8ujU_15cloudsearch_api12create_index0B3_
FNDA:0,_RNCNvCs1YBiN3z8ujU_15cloudsearch_api12delete_index0B3_
FNDA:0,_RNCNvCs1YBiN3z8ujU_15cloudsearch_api12get_document0B3_
FNDA:0,_RNCNvCs1YBiN3z8ujU_15cloudsearch_api12get_snapshot0B3_
FNDA:0,_RNCNvCs1YBiN3z8ujU_15cloudsearch_api12multi_search0B3_
FNDA:25,_RNCNvCs1YBiN3z8ujU_15cloudsearch_api12search_index0B3_
FNDA:1,_RNCNvCs1YBiN3z8ujU_15cloudsearch_api13refresh_index0B3_
FNDA:1,_RNCNvCs1YBiN3z8ujU_15cloudsearch_api14index_document0B3_
FNDA:0,_RNCNvCs1YBiN3z8ujU_15cloudsearch_api14list_snapshots0B3_
FNDA:0,_RNCNvCs1YBiN3z8ujU_15cloudsearch_api15create_snapshot0B3_
FNDA:0,_RNCNvCs1YBiN3z8ujU_15cloudsearch_api15delete_snapshot0B3_
FNDA:0,_RNCNvCs1YBiN3z8ujU_15cloudsearch_api16parse_bool_query0B3_
FNDA:0,_RNCNvCs1YBiN3z8ujU_15cloudsearch_api16parse_term_query0B3_
FNDA:1,_RNCNvCs1YBiN3z8ujU_15cloudsearch_api16parse_term_querys0_0B3_
FNDA:1,_RNCNvCs1YBiN3z8ujU_15cloudsearch_api16parse_term_querys_0B3_
FNDA:0,_RNCNvCs1YBiN3z8ujU_15cloudsearch_api16restore_snapshot0B3_
FNDA:0,_RNCNvCs1YBiN3z8ujU_15cloudsearch_api16search_index_get0B3_
FNDA:0,_RNCNvCs1YBiN3z8ujU_15cloudsearch_api17parse_match_query0B3_
FNDA:0,_RNCNvCs1YBiN3z8ujU_15cloudsearch_api17parse_match_querys0_0B3_
FNDA:1,_RNCNvCs1YBiN3z8ujU_15cloudsearch_api17parse_match_querys1_0B3_
FNDA:0,_RNCNvCs1YBiN3z8ujU_15cloudsearch_api17parse_match_querys_0B3_
FNDA:0,_RNCNvCs1YBiN3z8ujU_15cloudsearch_api17parse_range_query0B3_
FNDA:0,_RNCNvCs1YBiN3z8ujU_15cloudsearch_api17parse_range_querys0_0B3_
FNDA:0,_RNCNvCs1YBiN3z8ujU_15cloudsearch_api17parse_range_querys1_0B3_
FNDA:0,_RNCNvCs1YBiN3z8ujU_15cloudsearch_api17parse_range_querys2_0B3_
FNDA:0,_RNCNvCs1YBiN3z8ujU_15cloudsearch_api17parse_range_querys3_0B3_
FNDA:1,_RNCNvCs1YBiN3z8ujU_15cloudsearch_api17parse_range_querys4_0B3_
FNDA:0,_RNCNvCs1YBiN3z8ujU_15cloudsearch_api17parse_range_querys5_0B3_
FNDA:0,_RNCNvCs1YBiN3z8ujU_15cloudsearch_api17parse_range_querys6_0B3_
FNDA:0,_RNCNvCs1YBiN3z8ujU_15cloudsearch_api17parse_range_querys7_0B3_
FNDA:0,_RNCNvCs1YBiN3z8ujU_15cloudsearch_api17parse_range_querys8_0B3_
FNDA:0,_RNCNvCs1YBiN3z8ujU_15cloudsearch_api17parse_range_querys_0B3_
FNDA:0,_RNCNvCs1YBiN3z8ujU_15cloudsearch_api17parse_terms_query0B3_
FNDA:0,_RNCNvCs1YBiN3z8ujU_15cloudsearch_api17parse_terms_querys0_0B3_
FNDA:0,_RNCNvCs1YBiN3z8ujU_15cloudsearch_api17parse_terms_querys1_0B3_
FNDA:0,_RNCNvCs1YBiN3z8ujU_15cloudsearch_api17parse_terms_querys_0B3_
FNDA:1,_RNCNvCs1YBiN3z8ujU_15cloudsearch_api17parse_usize_field0B3_
FNDA:0,_RNCNvCs1YBiN3z8ujU_15cloudsearch_api17parse_usize_fields_0B3_
FNDA:0,_RNCNvCs1YBiN3z8ujU_15cloudsearch_api18parse_phrase_query0B3_
FNDA:0,_RNCNvCs1YBiN3z8ujU_15cloudsearch_api18parse_phrase_querys0_0B3_
FNDA:0,_RNCNvCs1YBiN3z8ujU_15cloudsearch_api18parse_phrase_querys1_0B3_
FNDA:0,_RNCNvCs1YBiN3z8ujU_15cloudsearch_api18parse_phrase_querys_0B3_
FNDA:0,_RNCNvCs1YBiN3z8ujU_15cloudsearch_api18parse_prefix_query0B3_
FNDA:1,_RNCNvCs1YBiN3z8ujU_15cloudsearch_api18parse_prefix_querys0_0B3_
FNDA:1,_RNCNvCs1YBiN3z8ujU_15cloudsearch_api18parse_prefix_querys1_0B3_
FNDA:0,_RNCNvCs1YBiN3z8ujU_15cloudsearch_api18parse_prefix_querys_0B3_
FNDA:0,_RNCNvCs1YBiN3z8ujU_15cloudsearch_api20parse_search_request0B3_
FNDA:0,_RNCNvCs1YBiN3z8ujU_15cloudsearch_api20parse_search_requests0_0B3_
FNDA:1,_RNCNvCs1YBiN3z8ujU_15cloudsearch_api20parse_search_requests1_0B3_
FNDA:0,_RNCNvCs1YBiN3z8ujU_15cloudsearch_api20parse_search_requests2_0B3_
FNDA:7,_RNCNvCs1YBiN3z8ujU_15cloudsearch_api20parse_search_requests3_0B3_
FNDA:0,_RNCNvCs1YBiN3z8ujU_15cloudsearch_api20parse_search_requests4_0B3_
FNDA:24,_RNCNvCs1YBiN3z8ujU_15cloudsearch_api20parse_search_requests_0B3_
FNDA:0,_RNCNvCs1YBiN3z8ujU_15cloudsearch_api20parse_wildcard_query0B3_
FNDA:1,_RNCNvCs1YBiN3z8ujU_15cloudsearch_api20parse_wildcard_querys0_0B3_
FNDA:1,_RNCNvCs1YBiN3z8ujU_15cloudsearch_api20parse_wildcard_querys1_0B3_
FNDA:0,_RNCNvCs1YBiN3z8ujU_15cloudsearch_api20parse_wildcard_querys_0B3_
FNDA:0,_RNCNvCs1YBiN3z8ujU_15cloudsearch_api21update_index_settings0B3_
FNDA:1,_RNCNvCs1YBiN3z8ujU_15cloudsearch_api23parse_bool_clause_array0B3_
FNDA:0,_RNCNvCs1YBiN3z8ujU_15cloudsearch_api23parse_bool_clause_arrays_0B3_
FNDA:1,_RNCNvCs1YBiN3z8ujU_15cloudsearch_api23to_compat_bulk_response0B3_
FNDA:0,_RNCNvCs1YBiN3z8ujU_15cloudsearch_api25to_compat_search_response0B3_
FNDA:0,_RNCNvCs1YBiN3z8ujU_15cloudsearch_api6health0B3_
FNDA:2,_RNCNvCs1YBiN3z8ujU_15cloudsearch_api7metrics0B3_
FNDA:0,_RNCNvCs1YBiN3z8ujU_15cloudsearch_api9get_index0B3_
FNDA:1,_RNCNvNtCsgym4EsKvyAj_15cloudsearch_api5testss_28searches_documents_over_http0B5_
FNDA:1,_RNCNvNtCsgym4EsKvyAj_15cloudsearch_api5testss_32bulk_returns_exact_success_shape0B5_
FNDA:1,_RNCNvNtCsgym4EsKvyAj_15cloudsearch_api5testss_33accepts_valid_namespace_over_http0B5_
FNDA:1,_RNCNvNtCsgym4EsKvyAj_15cloudsearch_api5testss_33rejects_empty_namespace_over_http0B5_
FNDA:1,_RNCNvNtCsgym4EsKvyAj_15cloudsearch_api5testss_35creates_and_fetches_index_over_http0B5_
FNDA:1,_RNCNvNtCsgym4EsKvyAj_15cloudsearch_api5testss_35health_returns_exact_response_shape0B5_
FNDA:1,_RNCNvNtCsgym4EsKvyAj_15cloudsearch_api5testss_35rejects_invalid_namespace_over_http0B5_
FNDA:1,_RNCNvNtCsgym4EsKvyAj_15cloudsearch_api5testss_36rejects_too_long_namespace_over_http0B5_
FNDA:1,_RNCNvNtCsgym4EsKvyAj_15cloudsearch_api5testss_37flush_missing_index_returns_not_found0B5_
FNDA:1,_RNCNvNtCsgym4EsKvyAj_15cloudsearch_api5testss_38indexes_and_fetches_document_over_http0B5_
FNDA:1,_RNCNvNtCsgym4EsKvyAj_15cloudsearch_api5testss_39bulk_on_deleted_index_returns_not_found0B5_
FNDA:1,_RNCNvNtCsgym4EsKvyAj_15cloudsearch_api5testss_39bulk_on_missing_index_returns_not_found0B5_
FNDA:1,_RNCNvNtCsgym4EsKvyAj_15cloudsearch_api5testss_40exceeding_max_fields_returns_bad_request0B5_
FNDA:1,_RNCNvNtCsgym4EsKvyAj_15cloudsearch_api5testss_40invalid_sort_payload_returns_bad_request0B5_
FNDA:1,_RNCNvNtCsgym4EsKvyAj_15cloudsearch_api5testss_40refresh_and_range_queries_work_over_http0B5_
FNDA:1,_RNCNvNtCsgym4EsKvyAj_15cloudsearch_api5testss_40sort_on_object_field_returns_bad_request0B5_
FNDA:1,_RNCNvNtCsgym4EsKvyAj_15cloudsearch_api5testss_41returns_exact_empty_search_response_shape0B5_
FNDA:1,_RNCNvNtCsgym4EsKvyAj_15cloudsearch_api5testss_42date_histogram_aggregation_works_over_http0B5_
FNDA:1,_RNCNvNtCsgym4EsKvyAj_15cloudsearch_api5testss_42put_doc_on_missing_index_returns_not_found0B5_
FNDA:1,_RNCNvNtCsgym4EsKvyAj_15cloudsearch_api5testss_42returns_exact_missing_document_error_shape0B5_
FNDA:1,_RNCNvNtCsgym4EsKvyAj_15cloudsearch_api5testss_43deletes_index_over_http_and_allows_recreate0B5_
FNDA:1,_RNCNvNtCsgym4EsKvyAj_15cloudsearch_api5testss_43returns_client_error_for_malformed_payloads0B5_
FNDA:1,_RNCNvNtCsgym4EsKvyAj_15cloudsearch_api5testss_43terms_and_stats_aggregations_work_over_http0B5_
FNDA:1,_RNCNvNtCsgym4EsKvyAj_15cloudsearch_api5testss_44bulk_delete_of_nonexistent_document_succeeds0B5_
FNDA:1,_RNCNvNtCsgym4EsKvyAj_15cloudsearch_api5testss_45returns_not_found_for_search_on_missing_index0B5_
FNDA:1,_RNCNvNtCsgym4EsKvyAj_15cloudsearch_api5testss_45supports_expanded_bool_query_shapes_over_http0B5_
FNDA:1,_RNCNvNtCsgym4EsKvyAj_15cloudsearch_api5testss_46bulk_with_empty_operations_returns_empty_items0B5_
FNDA:1,_RNCNvNtCsgym4EsKvyAj_15cloudsearch_api5testss_46rejects_unsupported_elasticsearch_style_shapes0B5_
FNDA:1,_RNCNvNtCsgym4EsKvyAj_15cloudsearch_api5testss_48returns_not_found_for_missing_document_and_index0B5_
FNDA:1,_RNCNvNtCsgym4EsKvyAj_15cloudsearch_api5testss_48terms_query_and_sorted_pagination_work_over_http0B5_
FNDA:1,_RNCNvNtCsgym4EsKvyAj_15cloudsearch_api5testss_50bulk_ingest_orders_operations_and_requires_refresh0B5_
FNDA:1,_RNCNvNtCsgym4EsKvyAj_15cloudsearch_api5testss_51flush_persists_state_and_returns_response_over_http0B5_
FNDA:1,_RNCNvNtCsgym4EsKvyAj_15cloudsearch_api5testss_51supports_elasticsearch_style_query_shapes_over_http0B5_
FNDA:1,_RNCNvNtCsgym4EsKvyAj_15cloudsearch_api5testss_52strict_mode_and_mapping_conflicts_return_bad_request0B5_
FNDA:1,_RNCNvNtCsgym4EsKvyAj_15cloudsearch_api5testss_55metrics_endpoint_exposes_request_and_operation_counters0B5_
FNDA:1,_RNCNvNtCsgym4EsKvyAj_15cloudsearch_api5testss_59merge_endpoint_returns_merge_response_and_increments_metric0B5_
FNDA:1,_RNCNvNtCsgym4EsKvyAj_15cloudsearch_api5testss_60overwriting_same_document_id_returns_latest_source_over_http0B5_
FNDA:1,_RNCNvNtCsgym4EsKvyAj_15cloudsearch_api5testss_60returns_client_error_for_semantically_invalid_search_payload0B5_
FNDA:1,_RNCNvNtCsgym4EsKvyAj_15cloudsearch_api5testss_60successful_search_response_shape_is_exact_for_paginated_sort0B5_
FNDA:0,_RNCNvNtCsgym4EsKvyAj_15cloudsearch_api5tests8test_api0B5_
FNDA:0,_RNvNtCsgym4EsKvyAj_15cloudsearch_api5tests8test_api
FNDA:8,_RNvCsgym4EsKvyAj_15cloudsearch_api10bulk_index
FNDA:6,_RNvCsgym4EsKvyAj_15cloudsearch_api10parse_sort
FNDA:2,_RNvCsgym4EsKvyAj_15cloudsearch_api11flush_index
FNDA:1,_RNvCsgym4EsKvyAj_15cloudsearch_api11merge_index
FNDA:20,_RNvCsgym4EsKvyAj_15cloudsearch_api11parse_query
FNDA:36,_RNvCsgym4EsKvyAj_15cloudsearch_api12create_index
FNDA:4,_RNvCsgym4EsKvyAj_15cloudsearch_api12delete_index
FNDA:6,_RNvCsgym4EsKvyAj_15cloudsearch_api12get_document
FNDA:0,_RNvCsgym4EsKvyAj_15cloudsearch_api12get_snapshot
FNDA:0,_RNvCsgym4EsKvyAj_15cloudsearch_api12multi_search
FNDA:27,_RNvCsgym4EsKvyAj_15cloudsearch_api12search_index
FNDA:13,_RNvCsgym4EsKvyAj_15cloudsearch_api13refresh_index
FNDA:34,_RNvCsgym4EsKvyAj_15cloudsearch_api14index_document
FNDA:0,_RNvCsgym4EsKvyAj_15cloudsearch_api14list_snapshots
FNDA:0,_RNvCsgym4EsKvyAj_15cloudsearch_api15create_snapshot
FNDA:0,_RNvCsgym4EsKvyAj_15cloudsearch_api15delete_snapshot
FNDA:4,_RNvCsgym4EsKvyAj_15cloudsearch_api16parse_bool_query
FNDA:10,_RNvCsgym4EsKvyAj_15cloudsearch_api16parse_term_query
FNDA:0,_RNvCsgym4EsKvyAj_15cloudsearch_api16restore_snapshot
FNDA:0,_RNvCsgym4EsKvyAj_15cloudsearch_api16search_index_get
FNDA:0,_RNvCsgym4EsKvyAj_15cloudsearch_api17parse_match_query
FNDA:3,_RNvCsgym4EsKvyAj_15cloudsearch_api17parse_range_query
FNDA:3,_RNvCsgym4EsKvyAj_15cloudsearch_api17parse_terms_query
FNDA:6,_RNvCsgym4EsKvyAj_15cloudsearch_api17parse_usize_field
FNDA:0,_RNvCsgym4EsKvyAj_15cloudsearch_api18parse_phrase_query
FNDA:0,_RNvCsgym4EsKvyAj_15cloudsearch_api18parse_prefix_query
FNDA:3,_RNvCsgym4EsKvyAj_15cloudsearch_api19aggregation_to_json
FNDA:27,_RNvCsgym4EsKvyAj_15cloudsearch_api20parse_search_request
FNDA:0,_RNvCsgym4EsKvyAj_15cloudsearch_api20parse_wildcard_query
FNDA:39,_RNvCsgym4EsKvyAj_15cloudsearch_api20router_with_registry
FNDA:24,_RNvCsgym4EsKvyAj_15cloudsearch_api20to_compat_search_hit
FNDA:0,_RNvCsgym4EsKvyAj_15cloudsearch_api21update_index_settings
FNDA:13,_RNvCsgym4EsKvyAj_15cloudsearch_api23parse_bool_clause_array
FNDA:6,_RNvCsgym4EsKvyAj_15cloudsearch_api23to_compat_bulk_response
FNDA:1,_RNvCsgym4EsKvyAj_15cloudsearch_api25stats_aggregation_to_json
FNDA:1,_RNvCsgym4EsKvyAj_15cloudsearch_api25terms_aggregation_to_json
FNDA:19,_RNvCsgym4EsKvyAj_15cloudsearch_api25to_compat_search_response
FNDA:1008,_RNvCsgym4EsKvyAj_15cloudsearch_api26to_compat_bulk_item_result
FNDA:1,_RNvCsgym4EsKvyAj_15cloudsearch_api34date_histogram_aggregation_to_json
FNDA:1,_RNvCsgym4EsKvyAj_15cloudsearch_api6health
FNDA:39,_RNvCsgym4EsKvyAj_15cloudsearch_api6router
FNDA:2,_RNvCsgym4EsKvyAj_15cloudsearch_api7metrics
FNDA:3,_RNvCsgym4EsKvyAj_15cloudsearch_api9get_index
FNDA:110,_RNvMCsgym4EsKvyAj_15cloudsearch_apiNtB2_12MetricsState14record_request
FNDA:2,_RNvMCsgym4EsKvyAj_15cloudsearch_apiNtB2_12MetricsState6render
FNDA:39,_RNvMs_Csgym4EsKvyAj_15cloudsearch_apiNtB4_8ApiState3new
FNDA:112,_RNvMs_Csgym4EsKvyAj_15cloudsearch_apiNtB4_8ApiState7metrics
FNDA:16,_RNvXs0_Csgym4EsKvyAj_15cloudsearch_apiNtB5_8ApiErrorINtNtCsiMcf32LsBml_4core7convert4FromNtCs76LUk5Ii80G_18cloudsearch_common16CloudSearchErrorE4from
FNDA:24,_RNvXs1_Csgym4EsKvyAj_15cloudsearch_apiNtB5_8ApiErrorNtNtNtCsh9rY6vF78Uz_9axum_core8response13into_response12IntoResponse13into_response
FNDA:2,_RNCNCNvCsgym4EsKvyAj_15cloudsearch_api12get_document00B5_
FNDA:0,_RNCNCNvCsgym4EsKvyAj_15cloudsearch_api16search_index_get00B5_
FNDA:8,_RNCNvCsgym4EsKvyAj_15cloudsearch_api10bulk_index0B3_
FNDA:0,_RNCNvCsgym4EsKvyAj_15cloudsearch_api10parse_sort0B3_
FNDA:0,_RNCNvCsgym4EsKvyAj_15cloudsearch_api10parse_sorts0_0B3_
FNDA:1,_RNCNvCsgym4EsKvyAj_15cloudsearch_api10parse_sorts_0B3_
FNDA:2,_RNCNvCsgym4EsKvyAj_15cloudsearch_api11flush_index0B3_
FNDA:1,_RNCNvCsgym4EsKvyAj_15cloudsearch_api11merge_index0B3_
FNDA:0,_RNCNvCsgym4EsKvyAj_15cloudsearch_api11parse_query0B3_
FNDA:36,_RNCNvCsgym4EsKvyAj_15cloudsearch_api12create_index0B3_
FNDA:4,_RNCNvCsgym4EsKvyAj_15cloudsearch_api12delete_index0B3_
FNDA:6,_RNCNvCsgym4EsKvyAj_15cloudsearch_api12get_document0B3_
FNDA:0,_RNCNvCsgym4EsKvyAj_15cloudsearch_api12get_snapshot0B3_
FNDA:0,_RNCNvCsgym4EsKvyAj_15cloudsearch_api12multi_search0B3_
FNDA:27,_RNCNvCsgym4EsKvyAj_15cloudsearch_api12search_index0B3_
FNDA:13,_RNCNvCsgym4EsKvyAj_15cloudsearch_api13refresh_index0B3_
FNDA:34,_RNCNvCsgym4EsKvyAj_15cloudsearch_api14index_document0B3_
FNDA:0,_RNCNvCsgym4EsKvyAj_15cloudsearch_api14list_snapshots0B3_
FNDA:0,_RNCNvCsgym4EsKvyAj_15cloudsearch_api15create_snapshot0B3_
FNDA:0,_RNCNvCsgym4EsKvyAj_15cloudsearch_api15delete_snapshot0B3_
FNDA:0,_RNCNvCsgym4EsKvyAj_15cloudsearch_api16parse_bool_query0B3_
FNDA:0,_RNCNvCsgym4EsKvyAj_15cloudsearch_api16parse_term_query0B3_
FNDA:1,_RNCNvCsgym4EsKvyAj_15cloudsearch_api16parse_term_querys0_0B3_
FNDA:0,_RNCNvCsgym4EsKvyAj_15cloudsearch_api16parse_term_querys_0B3_
FNDA:0,_RNCNvCsgym4EsKvyAj_15cloudsearch_api16restore_snapshot0B3_
FNDA:0,_RNCNvCsgym4EsKvyAj_15cloudsearch_api16search_index_get0B3_
FNDA:0,_RNCNvCsgym4EsKvyAj_15cloudsearch_api17parse_match_query0B3_
FNDA:0,_RNCNvCsgym4EsKvyAj_15cloudsearch_api17parse_match_querys0_0B3_
FNDA:0,_RNCNvCsgym4EsKvyAj_15cloudsearch_api17parse_match_querys1_0B3_
FNDA:0,_RNCNvCsgym4EsKvyAj_15cloudsearch_api17parse_match_querys_0B3_
FNDA:0,_RNCNvCsgym4EsKvyAj_15cloudsearch_api17parse_range_query0B3_
FNDA:2,_RNCNvCsgym4EsKvyAj_15cloudsearch_api17parse_range_querys0_0B3_
FNDA:2,_RNCNvCsgym4EsKvyAj_15cloudsearch_api17parse_range_querys1_0B3_
FNDA:2,_RNCNvCsgym4EsKvyAj_15cloudsearch_api17parse_range_querys2_0B3_
FNDA:2,_RNCNvCsgym4EsKvyAj_15cloudsearch_api17parse_range_querys3_0B3_
FNDA:0,_RNCNvCsgym4EsKvyAj_15cloudsearch_api17parse_range_querys4_0B3_
FNDA:1,_RNCNvCsgym4EsKvyAj_15cloudsearch_api17parse_range_querys5_0B3_
FNDA:0,_RNCNvCsgym4EsKvyAj_15cloudsearch_api17parse_range_querys6_0B3_
FNDA:0,_RNCNvCsgym4EsKvyAj_15cloudsearch_api17parse_range_querys7_0B3_
FNDA:1,_RNCNvCsgym4EsKvyAj_15cloudsearch_api17parse_range_querys8_0B3_
FNDA:0,_RNCNvCsgym4EsKvyAj_15cloudsearch_api17parse_range_querys_0B3_
FNDA:0,_RNCNvCsgym4EsKvyAj_15cloudsearch_api17parse_terms_query0B3_
FNDA:0,_RNCNvCsgym4EsKvyAj_15cloudsearch_api17parse_terms_querys0_0B3_
FNDA:1,_RNCNvCsgym4EsKvyAj_15cloudsearch_api17parse_terms_querys1_0B3_
FNDA:0,_RNCNvCsgym4EsKvyAj_15cloudsearch_api17parse_terms_querys_0B3_
FNDA:0,_RNCNvCsgym4EsKvyAj_15cloudsearch_api17parse_usize_field0B3_
FNDA:0,_RNCNvCsgym4EsKvyAj_15cloudsearch_api17parse_usize_fields_0B3_
FNDA:0,_RNCNvCsgym4EsKvyAj_15cloudsearch_api18parse_phrase_query0B3_
FNDA:0,_RNCNvCsgym4EsKvyAj_15cloudsearch_api18parse_phrase_querys0_0B3_
FNDA:0,_RNCNvCsgym4EsKvyAj_15cloudsearch_api18parse_phrase_querys1_0B3_
FNDA:0,_RNCNvCsgym4EsKvyAj_15cloudsearch_api18parse_phrase_querys_0B3_
FNDA:0,_RNCNvCsgym4EsKvyAj_15cloudsearch_api18parse_prefix_query0B3_
FNDA:0,_RNCNvCsgym4EsKvyAj_15cloudsearch_api18parse_prefix_querys0_0B3_
FNDA:0,_RNCNvCsgym4EsKvyAj_15cloudsearch_api18parse_prefix_querys1_0B3_
FNDA:0,_RNCNvCsgym4EsKvyAj_15cloudsearch_api18parse_prefix_querys_0B3_
FNDA:0,_RNCNvCsgym4EsKvyAj_15cloudsearch_api20parse_search_request0B3_
FNDA:15,_RNCNvCsgym4EsKvyAj_15cloudsearch_api20parse_search_requests0_0B3_
FNDA:15,_RNCNvCsgym4EsKvyAj_15cloudsearch_api20parse_search_requests1_0B3_
FNDA:18,_RNCNvCsgym4EsKvyAj_15cloudsearch_api20parse_search_requests2_0B3_
FNDA:7,_RNCNvCsgym4EsKvyAj_15cloudsearch_api20parse_search_requests3_0B3_
FNDA:14,_RNCNvCsgym4EsKvyAj_15cloudsearch_api20parse_search_requests4_0B3_
FNDA:23,_RNCNvCsgym4EsKvyAj_15cloudsearch_api20parse_search_requests_0B3_
FNDA:0,_RNCNvCsgym4EsKvyAj_15cloudsearch_api20parse_wildcard_query0B3_
FNDA:0,_RNCNvCsgym4EsKvyAj_15cloudsearch_api20parse_wildcard_querys0_0B3_
FNDA:0,_RNCNvCsgym4EsKvyAj_15cloudsearch_api20parse_wildcard_querys1_0B3_
FNDA:0,_RNCNvCsgym4EsKvyAj_15cloudsearch_api20parse_wildcard_querys_0B3_
FNDA:0,_RNCNvCsgym4EsKvyAj_15cloudsearch_api21update_index_settings0B3_
FNDA:1,_RNCNvCsgym4EsKvyAj_15cloudsearch_api23parse_bool_clause_array0B3_
FNDA:4,_RNCNvCsgym4EsKvyAj_15cloudsearch_api23parse_bool_clause_arrays_0B3_
FNDA:1008,_RNCNvCsgym4EsKvyAj_15cloudsearch_api23to_compat_bulk_response0B3_
FNDA:3,_RNCNvCsgym4EsKvyAj_15cloudsearch_api25to_compat_search_response0B3_
FNDA:1,_RNCNvCsgym4EsKvyAj_15cloudsearch_api6health0B3_
FNDA:2,_RNCNvCsgym4EsKvyAj_15cloudsearch_api7metrics0B3_
FNDA:3,_RNCNvCsgym4EsKvyAj_15cloudsearch_api9get_index0B3_
FNDA:1,_RNvNtCsgym4EsKvyAj_15cloudsearch_api5testss_28searches_documents_over_http
FNDA:1,_RNvNtCsgym4EsKvyAj_15cloudsearch_api5testss_32bulk_returns_exact_success_shape
FNDA:1,_RNvNtCsgym4EsKvyAj_15cloudsearch_api5testss_33accepts_valid_namespace_over_http
FNDA:1,_RNvNtCsgym4EsKvyAj_15cloudsearch_api5testss_33rejects_empty_namespace_over_http
FNDA:1,_RNvNtCsgym4EsKvyAj_15cloudsearch_api5testss_35creates_and_fetches_index_over_http
FNDA:1,_RNvNtCsgym4EsKvyAj_15cloudsearch_api5testss_35health_returns_exact_response_shape
FNDA:1,_RNvNtCsgym4EsKvyAj_15cloudsearch_api5testss_35rejects_invalid_namespace_over_http
FNDA:1,_RNvNtCsgym4EsKvyAj_15cloudsearch_api5testss_36rejects_too_long_namespace_over_http
FNDA:1,_RNvNtCsgym4EsKvyAj_15cloudsearch_api5testss_37flush_missing_index_returns_not_found
FNDA:1,_RNvNtCsgym4EsKvyAj_15cloudsearch_api5testss_38indexes_and_fetches_document_over_http
FNDA:1,_RNvNtCsgym4EsKvyAj_15cloudsearch_api5testss_39bulk_on_deleted_index_returns_not_found
FNDA:1,_RNvNtCsgym4EsKvyAj_15cloudsearch_api5testss_39bulk_on_missing_index_returns_not_found
FNDA:1,_RNvNtCsgym4EsKvyAj_15cloudsearch_api5testss_40exceeding_max_fields_returns_bad_request
FNDA:1,_RNvNtCsgym4EsKvyAj_15cloudsearch_api5testss_40invalid_sort_payload_returns_bad_request
FNDA:1,_RNvNtCsgym4EsKvyAj_15cloudsearch_api5testss_40refresh_and_range_queries_work_over_http
FNDA:1,_RNvNtCsgym4EsKvyAj_15cloudsearch_api5testss_40sort_on_object_field_returns_bad_request
FNDA:1,_RNvNtCsgym4EsKvyAj_15cloudsearch_api5testss_41returns_exact_empty_search_response_shape
FNDA:1,_RNvNtCsgym4EsKvyAj_15cloudsearch_api5testss_42date_histogram_aggregation_works_over_http
FNDA:1,_RNvNtCsgym4EsKvyAj_15cloudsearch_api5testss_42put_doc_on_missing_index_returns_not_found
FNDA:1,_RNvNtCsgym4EsKvyAj_15cloudsearch_api5testss_42returns_exact_missing_document_error_shape
FNDA:1,_RNvNtCsgym4EsKvyAj_15cloudsearch_api5testss_43deletes_index_over_http_and_allows_recreate
FNDA:1,_RNvNtCsgym4EsKvyAj_15cloudsearch_api5testss_43returns_client_error_for_malformed_payloads
FNDA:1,_RNvNtCsgym4EsKvyAj_15cloudsearch_api5testss_43terms_and_stats_aggregations_work_over_http
FNDA:1,_RNvNtCsgym4EsKvyAj_15cloudsearch_api5testss_44bulk_delete_of_nonexistent_document_succeeds
FNDA:1,_RNvNtCsgym4EsKvyAj_15cloudsearch_api5testss_45returns_not_found_for_search_on_missing_index
FNDA:1,_RNvNtCsgym4EsKvyAj_15cloudsearch_api5testss_45supports_expanded_bool_query_shapes_over_http
FNDA:1,_RNvNtCsgym4EsKvyAj_15cloudsearch_api5testss_46bulk_with_empty_operations_returns_empty_items
FNDA:1,_RNvNtCsgym4EsKvyAj_15cloudsearch_api5testss_46rejects_unsupported_elasticsearch_style_shapes
FNDA:1,_RNvNtCsgym4EsKvyAj_15cloudsearch_api5testss_48returns_not_found_for_missing_document_and_index
FNDA:1,_RNvNtCsgym4EsKvyAj_15cloudsearch_api5testss_48terms_query_and_sorted_pagination_work_over_http
FNDA:1,_RNvNtCsgym4EsKvyAj_15cloudsearch_api5testss_50bulk_ingest_orders_operations_and_requires_refresh
FNDA:1,_RNvNtCsgym4EsKvyAj_15cloudsearch_api5testss_51flush_persists_state_and_returns_response_over_http
FNDA:1,_RNvNtCsgym4EsKvyAj_15cloudsearch_api5testss_51supports_elasticsearch_style_query_shapes_over_http
FNDA:1,_RNvNtCsgym4EsKvyAj_15cloudsearch_api5testss_52strict_mode_and_mapping_conflicts_return_bad_request
FNDA:1,_RNvNtCsgym4EsKvyAj_15cloudsearch_api5testss_55metrics_endpoint_exposes_request_and_operation_counters
FNDA:1,_RNvNtCsgym4EsKvyAj_15cloudsearch_api5testss_59merge_endpoint_returns_merge_response_and_increments_metric
FNDA:1,_RNvNtCsgym4EsKvyAj_15cloudsearch_api5testss_60overwriting_same_document_id_returns_latest_source_over_http
FNDA:1,_RNvNtCsgym4EsKvyAj_15cloudsearch_api5testss_60returns_client_error_for_semantically_invalid_search_payload
FNDA:1,_RNvNtCsgym4EsKvyAj_15cloudsearch_api5testss_60successful_search_response_shape_is_exact_for_paginated_sort
FNF:203
FNH:159
DA:121,152
DA:122,152
DA:123,152
DA:124,152
DA:125,152
DA:126,152
DA:127,152
DA:128,152
DA:129,152
DA:130,152
DA:131,152
DA:132,152
DA:133,152
DA:134,152
DA:135,152
DA:136,152
DA:137,152
DA:138,152
DA:139,152
DA:140,152
DA:142,4
DA:143,4
DA:144,4
DA:145,4
DA:146,4
DA:147,4
DA:149,12
DA:150,12
DA:151,12
DA:152,12
DA:153,12
DA:155,12
DA:156,12
DA:157,12
DA:158,12
DA:159,12
DA:161,12
DA:162,12
DA:163,12
DA:164,12
DA:165,12
DA:167,4
DA:171,4
DA:175,4
DA:179,4
DA:183,4
DA:184,4
DA:185,4
DA:186,4
DA:190,4
DA:192,4
DA:193,4
DA:194,4
DA:195,4
DA:196,4
DA:197,4
DA:198,4
DA:199,4
DA:200,4
DA:201,4
DA:202,4
DA:203,4
DA:204,4
DA:205,4
DA:207,4
DA:208,4
DA:209,4
DA:220,70
DA:221,70
DA:222,70
DA:223,70
DA:224,70
DA:225,70
DA:227,156
DA:228,156
DA:229,156
DA:232,70
DA:233,70
DA:234,70
DA:236,70
DA:237,70
DA:238,70
DA:239,70
DA:240,70
DA:241,70
DA:242,70
DA:243,70
DA:245,70
DA:246,70
DA:247,70
DA:248,70
DA:249,70
DA:250,70
DA:251,70
DA:252,70
DA:253,70
DA:255,70
DA:256,70
DA:257,70
DA:258,70
DA:259,70
DA:261,70
DA:262,70
DA:263,70
DA:264,70
DA:265,70
DA:267,1
DA:268,1
DA:269,1
DA:271,4
DA:272,4
DA:273,4
DA:274,4
DA:275,4
DA:277,67
DA:278,67
DA:279,67
DA:280,67
DA:281,67
DA:282,67
DA:283,67
DA:284,64
DA:285,64
DA:286,64
DA:287,64
DA:288,64
DA:289,64
DA:290,64
DA:291,67
DA:293,3
DA:294,3
DA:295,3
DA:296,3
DA:297,3
DA:298,3
DA:299,1
DA:300,1
DA:301,1
DA:302,1
DA:303,1
DA:304,1
DA:305,1
DA:306,3
DA:308,4
DA:309,4
DA:310,4
DA:311,4
DA:312,4
DA:313,4
DA:314,3
DA:315,3
DA:316,3
DA:317,3
DA:318,3
DA:319,3
DA:320,3
DA:321,3
DA:322,3
DA:323,3
DA:325,3
DA:326,3
DA:327,3
DA:328,3
DA:329,4
DA:331,0
DA:332,0
DA:333,0
DA:334,0
DA:335,0
DA:336,0
DA:337,0
DA:338,0
DA:339,0
DA:340,0
DA:341,0
DA:342,0
DA:343,0
DA:344,0
DA:345,0
DA:346,0
DA:347,0
DA:348,0
DA:350,35
DA:351,35
DA:352,35
DA:353,35
DA:354,35
DA:355,35
DA:356,35
DA:357,34
DA:358,34
DA:359,1
DA:361,33
DA:363,34
DA:364,34
DA:365,34
DA:366,34
DA:367,34
DA:368,34
DA:369,31
DA:370,31
DA:371,31
DA:372,31
DA:373,31
DA:374,31
DA:375,31
DA:376,31
DA:377,31
DA:378,31
DA:380,31
DA:381,31
DA:382,31
DA:383,31
DA:384,31
DA:385,31
DA:386,31
DA:387,35
DA:389,10
DA:390,10
DA:391,10
DA:392,10
DA:393,10
DA:394,10
DA:395,10
DA:396,8
DA:397,8
DA:398,8
DA:399,8
DA:400,8
DA:401,8
DA:402,8
DA:403,8
DA:404,8
DA:405,8
DA:406,8
DA:407,8
DA:408,8
DA:409,8
DA:410,8
DA:411,8
DA:412,1
DA:413,7
DA:414,8
DA:415,10
DA:417,6
DA:418,6
DA:419,6
DA:420,6
DA:421,6
DA:422,6
DA:423,5
DA:424,5
DA:425,5
DA:426,5
DA:427,3
DA:428,3
DA:429,3
DA:430,3
DA:431,3
DA:432,3
DA:434,3
DA:435,3
DA:436,3
DA:437,3
DA:438,3
DA:439,3
DA:440,3
DA:441,3
DA:442,6
DA:444,52
DA:445,52
DA:446,52
DA:447,52
DA:448,52
DA:449,52
DA:450,52
DA:451,28
DA:452,27
DA:453,27
DA:454,26
DA:455,26
DA:456,26
DA:457,26
DA:458,26
DA:459,26
DA:460,26
DA:461,26
DA:462,26
DA:463,26
DA:464,26
DA:465,26
DA:466,0
DA:467,26
DA:468,26
DA:469,26
DA:470,52
DA:472,0
DA:473,0
DA:474,0
DA:475,0
DA:476,0
DA:477,0
DA:479,0
DA:480,0
DA:481,0
DA:482,0
DA:483,0
DA:484,0
DA:485,0
DA:486,0
DA:487,0
DA:488,0
DA:489,0
DA:490,0
DA:493,0
DA:494,0
DA:495,0
DA:496,0
DA:497,0
DA:498,0
DA:499,0
DA:500,0
DA:501,0
DA:502,0
DA:503,0
DA:506,0
DA:507,0
DA:508,0
DA:509,0
DA:510,0
DA:511,0
DA:512,0
DA:515,0
DA:516,0
DA:517,0
DA:518,0
DA:519,0
DA:520,0
DA:522,0
DA:523,0
DA:524,0
DA:525,0
DA:526,0
DA:527,0
DA:528,0
DA:530,0
DA:531,0
DA:532,0
DA:533,0
DA:534,0
DA:536,0
DA:537,0
DA:538,0
DA:539,0
DA:540,0
DA:541,0
DA:542,0
DA:543,0
DA:544,0
DA:545,0
DA:546,0
DA:547,0
DA:548,0
DA:549,0
DA:550,0
DA:551,0
DA:552,0
DA:553,0
DA:554,0
DA:555,0
DA:556,0
DA:557,0
DA:559,52
DA:560,52
DA:561,52
DA:562,0
DA:563,0
DA:564,0
DA:565,0
DA:567,52
DA:568,40
DA:569,12
DA:571,31
DA:572,3
DA:573,28
DA:575,31
DA:576,4
DA:577,27
DA:579,30
DA:580,6
DA:581,24
DA:583,28
DA:584,28
DA:585,28
DA:586,28
DA:588,2
DA:589,2
DA:590,2
DA:592,2
DA:593,2
DA:595,26
DA:597,28
DA:598,52
DA:600,44
DA:601,44
DA:602,1
DA:603,1
DA:604,1
DA:605,1
DA:607,43
DA:608,1
DA:609,1
DA:610,1
DA:611,42
DA:613,42
DA:614,42
DA:615,42
DA:616,41
DA:617,29
DA:618,26
DA:619,22
DA:620,17
DA:621,11
DA:622,5
DA:623,1
DA:624,1
DA:625,1
DA:626,1
DA:628,44
DA:630,12
DA:631,12
DA:632,0
DA:633,0
DA:634,0
DA:635,0
DA:637,12
DA:638,7
DA:639,1
DA:640,1
DA:641,1
DA:642,1
DA:643,6
DA:644,2
DA:645,2
DA:646,2
DA:647,2
DA:649,4
DA:650,4
DA:651,4
DA:652,4
DA:653,5
DA:655,5
DA:656,1
DA:657,1
DA:658,1
DA:659,4
DA:661,4
DA:662,4
DA:663,4
DA:664,4
DA:665,4
DA:666,12
DA:668,3
DA:669,3
DA:670,0
DA:671,0
DA:672,0
DA:673,0
DA:675,3
DA:676,1
DA:677,0
DA:678,0
DA:679,0
DA:680,0
DA:681,1
DA:682,1
DA:683,1
DA:684,1
DA:685,1
DA:686,0
DA:687,0
DA:688,0
DA:689,0
DA:691,1
DA:692,1
DA:693,1
DA:694,1
DA:695,2
DA:697,2
DA:698,0
DA:699,0
DA:700,0
DA:701,2
DA:703,2
DA:704,2
DA:705,1
DA:706,1
DA:707,1
DA:708,1
DA:710,1
DA:711,1
DA:712,1
DA:713,1
DA:714,3
DA:716,4
DA:717,4
DA:718,0
DA:719,0
DA:720,0
DA:721,0
DA:723,4
DA:724,2
DA:725,0
DA:726,0
DA:727,0
DA:728,0
DA:731,2
DA:732,2
DA:733,2
DA:734,2
DA:735,2
DA:737,2
DA:739,2
DA:740,0
DA:741,0
DA:742,0
DA:743,2
DA:745,2
DA:746,2
DA:747,1
DA:748,1
DA:749,1
DA:750,1
DA:753,1
DA:754,1
DA:755,1
DA:756,1
DA:757,1
DA:759,4
DA:761,6
DA:762,6
DA:763,0
DA:764,0
DA:765,0
DA:766,0
DA:768,6
DA:769,2
DA:770,0
DA:771,0
DA:772,0
DA:773,2
DA:774,2
DA:775,0
DA:776,0
DA:777,0
DA:778,0
DA:779,2
DA:780,1
DA:781,1
DA:782,1
DA:783,1
DA:784,1
DA:785,1
DA:786,1
DA:787,1
DA:788,4
DA:791,4
DA:792,2
DA:793,2
DA:794,2
DA:795,2
DA:797,2
DA:798,0
DA:799,0
DA:800,0
DA:801,2
DA:803,2
DA:804,2
DA:805,1
DA:806,1
DA:807,1
DA:808,1
DA:809,1
DA:810,1
DA:811,1
DA:812,1
DA:813,6
DA:815,6
DA:816,6
DA:817,0
DA:818,0
DA:819,0
DA:820,0
DA:822,6
DA:823,2
DA:824,0
DA:825,0
DA:826,0
DA:827,2
DA:828,2
DA:829,0
DA:830,0
DA:831,0
DA:832,0
DA:833,2
DA:834,1
DA:835,1
DA:836,1
DA:837,1
DA:838,1
DA:839,1
DA:840,1
DA:841,1
DA:842,4
DA:845,4
DA:846,4
DA:847,4
DA:848,2
DA:849,2
DA:850,2
DA:851,2
DA:853,2
DA:854,0
DA:855,0
DA:856,0
DA:857,2
DA:859,2
DA:860,2
DA:861,1
DA:862,1
DA:863,1
DA:864,1
DA:865,1
DA:866,1
DA:867,1
DA:868,1
DA:869,6
DA:871,4
DA:872,4
DA:873,0
DA:874,0
DA:875,0
DA:876,0
DA:878,4
DA:879,1
DA:880,0
DA:881,0
DA:882,0
DA:883,1
DA:884,1
DA:885,0
DA:886,0
DA:887,0
DA:888,0
DA:889,1
DA:890,0
DA:891,0
DA:892,0
DA:893,0
DA:894,1
DA:895,1
DA:896,1
DA:897,1
DA:898,3
DA:900,3
DA:901,3
DA:902,3
DA:903,1
DA:904,1
DA:905,1
DA:906,2
DA:908,2
DA:909,0
DA:910,0
DA:911,0
DA:912,2
DA:914,2
DA:915,2
DA:916,1
DA:917,1
DA:918,1
DA:919,1
DA:920,1
DA:921,1
DA:922,1
DA:923,1
DA:924,4
DA:926,0
DA:927,0
DA:928,0
DA:929,0
DA:930,0
DA:931,0
DA:933,0
DA:934,0
DA:935,0
DA:936,0
DA:937,0
DA:938,0
DA:939,0
DA:940,0
DA:941,0
DA:942,0
DA:943,0
DA:944,0
DA:945,0
DA:946,0
DA:947,0
DA:948,0
DA:949,0
DA:950,0
DA:951,0
DA:952,0
DA:953,0
DA:955,0
DA:956,0
DA:957,0
DA:958,0
DA:959,0
DA:960,0
DA:961,0
DA:963,0
DA:964,0
DA:965,0
DA:966,0
DA:967,0
DA:969,0
DA:970,0
DA:971,0
DA:972,0
DA:973,0
DA:974,0
DA:975,0
DA:976,0
DA:977,0
DA:978,0
DA:979,0
DA:981,5
DA:982,5
DA:983,0
DA:984,0
DA:985,0
DA:986,0
DA:988,5
DA:989,9
DA:990,9
DA:991,0
DA:992,0
DA:993,0
DA:994,9
DA:998,5
DA:999,3
DA:1000,3
DA:1001,3
DA:1003,5
DA:1005,14
DA:1006,14
DA:1007,14
DA:1008,14
DA:1009,14
DA:1010,5
DA:1013,9
DA:1014,0
DA:1015,9
DA:1017,9
DA:1018,2
DA:1019,2
DA:1020,2
DA:1021,2
DA:1023,7
DA:1024,7
DA:1025,7
DA:1026,7
DA:1027,7
DA:1028,14
DA:1030,6
DA:1031,6
DA:1032,3
DA:1033,3
DA:1035,3
DA:1036,2
DA:1037,2
DA:1038,1
DA:1039,1
DA:1040,1
DA:1041,1
DA:1042,1
DA:1044,1
DA:1047,2
DA:1048,0
DA:1049,0
DA:1050,0
DA:1051,0
DA:1053,2
DA:1054,1
DA:1055,1
DA:1056,1
DA:1057,1
DA:1059,1
DA:1060,1
DA:1061,1
DA:1062,1
DA:1063,1
DA:1064,1
DA:1067,1
DA:1068,1
DA:1069,1
DA:1070,1
DA:1072,6
DA:1074,7
DA:1075,7
DA:1076,1
DA:1077,1
DA:1078,1
DA:1079,1
DA:1081,6
DA:1082,0
DA:1083,0
DA:1084,0
DA:1085,0
DA:1086,7
DA:1088,26
DA:1090,26
DA:1091,26
DA:1092,26
DA:1093,26
DA:1094,26
DA:1095,26
DA:1096,26
DA:1097,26
DA:1098,26
DA:1099,26
DA:1100,26
DA:1101,26
DA:1102,26
DA:1103,26
DA:1104,26
DA:1105,26
DA:1106,26
DA:1108,26
DA:1110,24
DA:1111,24
DA:1112,24
DA:1113,24
DA:1114,24
DA:1115,24
DA:1116,24
DA:1117,24
DA:1119,8
DA:1121,8
DA:1122,8
DA:1123,8
DA:1124,8
DA:1125,1009
DA:1126,1007
DA:1127,1007
DA:1129,2
DA:1130,2
DA:1132,1009
DA:1133,8
DA:1135,8
DA:1137,1009
DA:1138,1009
DA:1139,1009
DA:1140,1009
DA:1141,1009
DA:1142,1009
DA:1144,3
DA:1145,3
DA:1146,1
DA:1147,1
DA:1148,1
DA:1150,3
DA:1152,1
DA:1153,1
DA:1154,1
DA:1156,1
DA:1158,1
DA:1159,1
DA:1160,1
DA:1161,1
DA:1162,1
DA:1163,1
DA:1164,1
DA:1166,1
DA:1168,1
DA:1169,1
DA:1170,1
DA:1172,1
DA:1174,14
DA:1175,14
DA:1176,14
DA:1177,14
DA:1178,14
DA:1179,14
DA:1180,14
DA:1181,14
DA:1182,14
DA:1183,14
DA:1184,14
DA:1185,14
DA:1186,14
DA:1187,14
DA:1188,14
DA:1189,14
DA:1190,14
DA:1191,14
DA:1193,14
DA:1194,14
DA:1195,14
DA:1196,14
DA:1197,14
DA:1198,14
DA:1199,14
DA:1200,14
DA:1202,2
DA:1203,2
DA:1204,2
DA:1205,2
DA:1206,2
DA:1207,2
DA:1208,1
DA:1209,1
DA:1210,1
DA:1211,1
DA:1212,1
DA:1213,1
DA:1214,1
DA:1215,1
DA:1216,1
DA:1217,1
DA:1218,1
DA:1219,1
DA:1221,1
DA:1222,2
DA:1224,1
DA:1225,1
DA:1226,1
DA:1227,1
DA:1228,1
DA:1229,1
DA:1230,1
DA:1231,1
DA:1232,1
DA:1233,1
DA:1234,1
DA:1235,1
DA:1236,1
DA:1237,1
DA:1238,1
DA:1239,1
DA:1240,1
DA:1241,1
DA:1243,1
DA:1244,1
DA:1246,0
DA:1247,0
DA:1248,0
DA:1249,0
DA:1250,0
DA:1251,0
DA:1252,0
DA:1253,0
DA:1254,0
DA:1255,0
DA:1256,0
DA:1257,0
DA:1258,0
DA:1259,0
DA:1260,0
DA:1261,0
DA:1262,0
DA:1263,0
DA:1264,0
DA:1266,0
DA:1267,0
DA:1268,0
DA:1269,0
DA:1270,0
DA:1271,0
DA:1272,0
DA:1273,0
DA:1274,0
DA:1275,0
DA:1276,0
DA:1277,0
DA:1278,0
DA:1279,0
DA:1280,0
DA:1281,0
DA:1283,0
DA:1284,0
DA:1285,0
DA:1286,0
DA:1287,0
DA:1288,0
DA:1289,0
DA:1290,0
DA:1291,0
DA:1292,0
DA:1293,0
DA:1294,0
DA:1295,0
DA:1296,0
DA:1297,0
DA:1298,0
DA:1300,0
DA:1301,0
DA:1302,0
DA:1303,0
DA:1304,0
DA:1305,0
DA:1306,0
DA:1308,0
DA:1310,0
DA:1311,0
DA:1312,0
DA:1313,0
DA:1314,0
DA:1315,0
DA:1316,0
DA:1317,0
DA:1318,0
DA:1319,0
DA:1320,0
DA:1321,0
DA:1322,0
DA:1323,0
DA:1324,0
DA:1325,0
DA:1326,0
DA:1327,0
DA:1328,0
DA:1330,0
DA:1331,0
DA:1332,0
DA:1333,0
DA:1334,0
DA:1335,0
DA:1336,0
DA:1337,0
DA:1338,0
DA:1339,0
DA:1340,0
DA:1341,0
DA:1342,0
DA:1343,0
DA:1344,0
DA:1345,0
DA:1346,0
DA:1347,0
DA:1348,0
DA:1354,16
DA:1355,16
DA:1356,16
DA:1360,42
DA:1361,42
DA:1362,0
DA:1365,11
DA:1374,31
DA:1377,0
DA:1380,42
DA:1381,42
DA:1382,42
DA:1383,42
DA:1384,42
DA:1385,42
DA:1386,42
DA:1387,42
DA:1407,0
DA:1408,0
DA:1409,0
DA:1410,0
DA:1411,0
DA:1412,0
DA:1413,0
DA:1416,1
DA:1417,1
DA:1418,1
DA:1419,1
DA:1420,1
DA:1422,1
DA:1423,1
DA:1424,1
DA:1425,1
DA:1426,1
DA:1427,1
DA:1428,1
DA:1429,1
DA:1430,1
DA:1432,1
DA:1433,1
DA:1434,1
DA:1435,1
DA:1436,1
DA:1437,1
DA:1438,1
DA:1439,1
DA:1441,1
DA:1442,1
DA:1446,1
DA:1447,1
DA:1448,1
DA:1449,1
DA:1450,1
DA:1452,1
DA:1453,1
DA:1454,1
DA:1455,1
DA:1456,1
DA:1457,1
DA:1458,1
DA:1459,1
DA:1460,1
DA:1461,1
DA:1462,1
DA:1463,1
DA:1464,1
DA:1465,1
DA:1466,1
DA:1467,1
DA:1468,1
DA:1470,1
DA:1471,1
DA:1472,1
DA:1473,1
DA:1474,1
DA:1475,1
DA:1476,1
DA:1477,1
DA:1478,1
DA:1479,1
DA:1480,1
DA:1481,1
DA:1482,1
DA:1483,1
DA:1484,1
DA:1485,1
DA:1486,1
DA:1488,1
DA:1489,1
DA:1490,1
DA:1491,1
DA:1492,1
DA:1493,1
DA:1494,1
DA:1495,1
DA:1496,1
DA:1497,1
DA:1498,1
DA:1499,1
DA:1500,1
DA:1501,1
DA:1502,1
DA:1503,1
DA:1504,1
DA:1505,1
DA:1506,1
DA:1508,1
DA:1509,1
DA:1510,1
DA:1511,1
DA:1512,1
DA:1513,1
DA:1514,1
DA:1515,1
DA:1516,1
DA:1517,1
DA:1519,1
DA:1520,1
DA:1521,1
DA:1522,1
DA:1523,1
DA:1524,1
DA:1525,1
DA:1526,1
DA:1527,1
DA:1528,1
DA:1529,1
DA:1531,1
DA:1532,1
DA:1533,1
DA:1534,1
DA:1535,1
DA:1536,1
DA:1537,1
DA:1538,1
DA:1539,1
DA:1541,1
DA:1542,1
DA:1543,1
DA:1544,1
DA:1545,1
DA:1546,1
DA:1547,1
DA:1548,1
DA:1550,1
DA:1551,1
DA:1552,1
DA:1553,1
DA:1554,1
DA:1555,1
DA:1556,1
DA:1557,1
DA:1558,1
DA:1559,1
DA:1560,1
DA:1561,1
DA:1562,1
DA:1565,1
DA:1566,1
DA:1567,1
DA:1568,1
DA:1569,1
DA:1571,1
DA:1572,1
DA:1573,1
DA:1574,1
DA:1575,1
DA:1576,1
DA:1577,1
DA:1578,1
DA:1579,1
DA:1580,1
DA:1581,1
DA:1582,1
DA:1583,1
DA:1584,1
DA:1585,1
DA:1586,1
DA:1587,1
DA:1588,1
DA:1589,1
DA:1590,1
DA:1591,1
DA:1592,1
DA:1593,1
DA:1594,1
DA:1596,1
DA:1597,1
DA:1598,1
DA:1599,1
DA:1600,1
DA:1601,1
DA:1602,1
DA:1604,1
DA:1608,0
DA:1611,1
DA:1612,1
DA:1613,1
DA:1614,1
DA:1615,1
DA:1616,1
DA:1617,1
DA:1618,1
DA:1619,1
DA:1621,1
DA:1623,1
DA:1624,1
DA:1625,1
DA:1626,1
DA:1627,1
DA:1628,1
DA:1629,1
DA:1630,1
DA:1631,1
DA:1632,1
DA:1635,1
DA:1636,1
DA:1637,1
DA:1638,1
DA:1639,1
DA:1641,1
DA:1642,1
DA:1643,1
DA:1644,1
DA:1645,1
DA:1646,1
DA:1647,1
DA:1648,1
DA:1649,1
DA:1650,1
DA:1651,1
DA:1652,1
DA:1653,1
DA:1654,1
DA:1655,1
DA:1656,1
DA:1657,1
DA:1658,1
DA:1659,1
DA:1660,1
DA:1661,1
DA:1662,1
DA:1663,1
DA:1664,1
DA:1666,1
DA:1668,1
DA:1669,1
DA:1670,1
DA:1671,1
DA:1672,1
DA:1673,1
DA:1674,1
DA:1675,1
DA:1676,1
DA:1677,1
DA:1678,1
DA:1679,1
DA:1680,1
DA:1683,1
DA:1684,1
DA:1685,1
DA:1686,1
DA:1687,1
DA:1689,1
DA:1690,1
DA:1691,1
DA:1692,1
DA:1693,1
DA:1694,1
DA:1695,1
DA:1696,1
DA:1697,1
DA:1698,1
DA:1699,1
DA:1700,1
DA:1701,1
DA:1702,1
DA:1703,1
DA:1704,1
DA:1705,1
DA:1706,1
DA:1707,1
DA:1708,1
DA:1709,1
DA:1710,1
DA:1711,1
DA:1713,1
DA:1714,1
DA:1717,1
DA:1718,1
DA:1719,1
DA:1720,1
DA:1721,1
DA:1723,1
DA:1724,1
DA:1725,1
DA:1726,1
DA:1727,1
DA:1728,1
DA:1729,1
DA:1730,1
DA:1731,1
DA:1732,1
DA:1733,1
DA:1734,1
DA:1735,1
DA:1736,1
DA:1737,1
DA:1738,1
DA:1739,1
DA:1740,1
DA:1741,1
DA:1742,1
DA:1743,1
DA:1744,1
DA:1745,1
DA:1747,1
DA:1748,1
DA:1751,1
DA:1752,1
DA:1753,1
DA:1754,1
DA:1755,1
DA:1757,1
DA:1758,1
DA:1759,1
DA:1760,1
DA:1761,1
DA:1762,1
DA:1763,1
DA:1764,1
DA:1765,1
DA:1766,1
DA:1767,1
DA:1768,1
DA:1769,1
DA:1770,1
DA:1771,1
DA:1772,1
DA:1773,1
DA:1774,1
DA:1775,1
DA:1776,1
DA:1777,1
DA:1778,1
DA:1779,1
DA:1781,1
DA:1782,1
DA:1785,1
DA:1786,1
DA:1787,1
DA:1788,1
DA:1789,1
DA:1791,1
DA:1792,2
DA:1793,2
DA:1794,2
DA:1795,2
DA:1796,2
DA:1797,2
DA:1798,2
DA:1799,2
DA:1800,2
DA:1801,2
DA:1802,2
DA:1803,2
DA:1804,2
DA:1805,2
DA:1806,2
DA:1807,2
DA:1808,2
DA:1809,2
DA:1810,2
DA:1811,1
DA:1812,2
DA:1813,2
DA:1814,2
DA:1815,2
DA:1816,2
DA:1817,2
DA:1818,2
DA:1819,2
DA:1820,2
DA:1821,2
DA:1822,2
DA:1823,2
DA:1824,1
DA:1825,2
DA:1826,2
DA:1827,2
DA:1828,2
DA:1829,2
DA:1830,2
DA:1831,2
DA:1832,2
DA:1833,2
DA:1834,1
DA:1835,2
DA:1836,2
DA:1837,2
DA:1838,2
DA:1839,2
DA:1840,2
DA:1841,2
DA:1842,2
DA:1843,2
DA:1844,2
DA:1845,2
DA:1846,1
DA:1847,1
DA:1850,1
DA:1851,1
DA:1852,1
DA:1853,1
DA:1854,1
DA:1856,1
DA:1857,1
DA:1858,1
DA:1859,1
DA:1860,1
DA:1861,1
DA:1862,1
DA:1863,1
DA:1864,1
DA:1865,1
DA:1866,1
DA:1867,1
DA:1868,1
DA:1869,1
DA:1870,1
DA:1871,1
DA:1872,1
DA:1874,1
DA:1875,1
DA:1876,1
DA:1877,1
DA:1878,1
DA:1879,1
DA:1880,1
DA:1881,1
DA:1882,1
DA:1883,1
DA:1884,1
DA:1885,1
DA:1886,1
DA:1887,1
DA:1888,1
DA:1889,1
DA:1890,1
DA:1891,1
DA:1893,1
DA:1895,1
DA:1896,1
DA:1897,1
DA:1898,1
DA:1899,1
DA:1900,1
DA:1901,1
DA:1902,1
DA:1903,1
DA:1905,1
DA:1907,1
DA:1908,1
DA:1909,1
DA:1910,1
DA:1911,1
DA:1912,1
DA:1913,1
DA:1915,1
DA:1916,1
DA:1917,1
DA:1921,1
DA:1922,1
DA:1923,1
DA:1924,1
DA:1925,1
DA:1927,1
DA:1928,1
DA:1929,1
DA:1930,1
DA:1931,1
DA:1932,1
DA:1933,1
DA:1934,1
DA:1935,1
DA:1936,1
DA:1937,1
DA:1938,1
DA:1939,1
DA:1940,1
DA:1941,1
DA:1942,1
DA:1943,1
DA:1945,2
DA:1946,1
DA:1947,1
DA:1948,1
DA:1949,1
DA:1950,1
DA:1951,1
DA:1952,1
DA:1953,1
DA:1954,1
DA:1955,2
DA:1956,2
DA:1957,2
DA:1958,2
DA:1959,2
DA:1960,2
DA:1961,2
DA:1962,2
DA:1963,2
DA:1964,2
DA:1965,2
DA:1966,2
DA:1967,2
DA:1968,2
DA:1970,2
DA:1973,1
DA:1974,1
DA:1975,1
DA:1976,1
DA:1977,1
DA:1978,1
DA:1979,1
DA:1980,1
DA:1981,1
DA:1982,1
DA:1983,1
DA:1984,1
DA:1985,1
DA:1986,1
DA:1987,1
DA:1988,1
DA:1989,1
DA:1990,1
DA:1991,1
DA:1992,1
DA:1993,1
DA:1995,1
DA:1996,1
DA:1997,1
DA:1998,1
DA:1999,1
DA:2000,1
DA:2001,1
DA:2002,1
DA:2003,1
DA:2005,1
DA:2006,1
DA:2007,1
DA:2008,1
DA:2009,1
DA:2010,1
DA:2011,1
DA:2012,1
DA:2013,1
DA:2014,1
DA:2015,1
DA:2016,1
DA:2018,1
DA:2019,1
DA:2020,1
DA:2021,1
DA:2022,1
DA:2023,1
DA:2024,1
DA:2025,1
DA:2026,1
DA:2027,1
DA:2028,1
DA:2029,1
DA:2030,1
DA:2031,1
DA:2032,1
DA:2033,1
DA:2034,1
DA:2035,1
DA:2036,1
DA:2037,1
DA:2038,1
DA:2040,1
DA:2041,1
DA:2042,1
DA:2043,1
DA:2044,1
DA:2045,1
DA:2046,1
DA:2047,1
DA:2048,1
DA:2049,1
DA:2051,1
DA:2052,1
DA:2053,1
DA:2054,1
DA:2055,1
DA:2056,1
DA:2057,1
DA:2058,1
DA:2059,1
DA:2060,1
DA:2061,1
DA:2062,1
DA:2063,1
DA:2064,1
DA:2065,1
DA:2066,1
DA:2067,1
DA:2068,1
DA:2069,1
DA:2070,1
DA:2071,1
DA:2072,1
DA:2073,1
DA:2075,1
DA:2076,1
DA:2077,1
DA:2078,1
DA:2079,1
DA:2080,1
DA:2081,1
DA:2082,1
DA:2083,1
DA:2084,1
DA:2088,1
DA:2089,1
DA:2090,1
DA:2091,1
DA:2092,1
DA:2094,1
DA:2095,1
DA:2096,1
DA:2097,1
DA:2098,1
DA:2099,1
DA:2100,1
DA:2101,1
DA:2102,1
DA:2103,1
DA:2104,1
DA:2105,1
DA:2106,1
DA:2107,1
DA:2108,1
DA:2109,1
DA:2110,1
DA:2112,2
DA:2113,1
DA:2114,1
DA:2115,1
DA:2116,1
DA:2117,1
DA:2118,1
DA:2119,1
DA:2120,1
DA:2121,1
DA:2122,1
DA:2123,1
DA:2124,1
DA:2125,1
DA:2126,1
DA:2127,1
DA:2128,2
DA:2129,2
DA:2130,2
DA:2131,2
DA:2132,2
DA:2133,2
DA:2134,2
DA:2135,2
DA:2136,2
DA:2137,2
DA:2138,2
DA:2139,2
DA:2140,2
DA:2143,1
DA:2144,1
DA:2145,1
DA:2146,1
DA:2147,1
DA:2148,1
DA:2149,1
DA:2150,1
DA:2151,1
DA:2152,1
DA:2153,1
DA:2154,1
DA:2156,1
DA:2157,1
DA:2158,1
DA:2159,1
DA:2160,1
DA:2161,1
DA:2162,1
DA:2163,1
DA:2164,1
DA:2165,1
DA:2166,1
DA:2167,1
DA:2168,1
DA:2169,1
DA:2170,1
DA:2171,1
DA:2172,1
DA:2173,1
DA:2174,1
DA:2175,1
DA:2176,1
DA:2177,1
DA:2178,1
DA:2179,1
DA:2181,1
DA:2182,1
DA:2183,1
DA:2184,1
DA:2185,1
DA:2186,1
DA:2187,1
DA:2188,1
DA:2189,1
DA:2190,1
DA:2192,1
DA:2193,1
DA:2194,1
DA:2195,1
DA:2196,1
DA:2197,1
DA:2198,1
DA:2199,1
DA:2200,1
DA:2201,1
DA:2202,1
DA:2203,1
DA:2204,1
DA:2205,1
DA:2206,1
DA:2207,1
DA:2208,1
DA:2209,1
DA:2210,1
DA:2211,1
DA:2212,1
DA:2213,1
DA:2214,1
DA:2216,1
DA:2217,1
DA:2218,1
DA:2219,1
DA:2220,1
DA:2221,1
DA:2222,1
DA:2223,1
DA:2224,1
DA:2225,1
DA:2226,1
DA:2230,1
DA:2231,1
DA:2232,1
DA:2233,1
DA:2234,1
DA:2236,1
DA:2237,1
DA:2238,1
DA:2239,1
DA:2240,1
DA:2241,1
DA:2242,1
DA:2243,1
DA:2244,1
DA:2245,1
DA:2246,1
DA:2247,1
DA:2248,1
DA:2249,1
DA:2250,1
DA:2251,1
DA:2252,1
DA:2254,1
DA:2255,1
DA:2256,1
DA:2257,1
DA:2258,1
DA:2259,1
DA:2260,1
DA:2261,1
DA:2262,1
DA:2263,1
DA:2264,1
DA:2265,1
DA:2266,1
DA:2267,1
DA:2268,1
DA:2269,1
DA:2270,1
DA:2271,1
DA:2272,1
DA:2273,1
DA:2274,1
DA:2275,1
DA:2276,1
DA:2277,1
DA:2278,1
DA:2279,1
DA:2280,1
DA:2281,1
DA:2282,1
DA:2283,1
DA:2284,1
DA:2285,1
DA:2286,1
DA:2288,1
DA:2289,1
DA:2290,1
DA:2291,1
DA:2292,1
DA:2293,1
DA:2294,1
DA:2295,1
DA:2296,1
DA:2297,1
DA:2298,1
DA:2300,1
DA:2301,1
DA:2302,1
DA:2303,1
DA:2304,1
DA:2305,1
DA:2306,1
DA:2307,1
DA:2308,1
DA:2309,1
DA:2310,1
DA:2311,1
DA:2312,1
DA:2313,1
DA:2314,1
DA:2316,1
DA:2317,1
DA:2318,1
DA:2319,1
DA:2320,1
DA:2321,1
DA:2322,1
DA:2323,1
DA:2324,1
DA:2326,1
DA:2327,1
DA:2328,1
DA:2329,1
DA:2330,1
DA:2331,1
DA:2332,1
DA:2333,1
DA:2334,1
DA:2335,1
DA:2337,1
DA:2338,1
DA:2339,1
DA:2340,1
DA:2341,1
DA:2342,1
DA:2343,1
DA:2344,1
DA:2345,1
DA:2346,1
DA:2347,1
DA:2348,1
DA:2349,1
DA:2350,1
DA:2351,1
DA:2353,1
DA:2354,1
DA:2355,1
DA:2356,1
DA:2357,1
DA:2358,1
DA:2359,1
DA:2360,1
DA:2361,1
DA:2363,1
DA:2364,1
DA:2365,1
DA:2366,1
DA:2367,1
DA:2368,1
DA:2369,1
DA:2370,1
DA:2371,1
DA:2373,1
DA:2374,1
DA:2375,1
DA:2376,1
DA:2377,1
DA:2378,1
DA:2379,1
DA:2380,1
DA:2381,1
DA:2382,1
DA:2385,1
DA:2386,1
DA:2387,1
DA:2388,1
DA:2389,1
DA:2391,1
DA:2392,1
DA:2393,1
DA:2394,1
DA:2395,1
DA:2396,1
DA:2397,1
DA:2398,1
DA:2399,1
DA:2400,1
DA:2401,1
DA:2403,1
DA:2404,1
DA:2405,1
DA:2406,1
DA:2407,1
DA:2408,1
DA:2409,1
DA:2410,1
DA:2411,1
DA:2412,1
DA:2413,1
DA:2414,1
DA:2415,1
DA:2416,1
DA:2417,1
DA:2418,1
DA:2419,1
DA:2421,1
DA:2422,1
DA:2423,1
DA:2424,1
DA:2425,1
DA:2426,1
DA:2427,1
DA:2428,1
DA:2429,1
DA:2430,1
DA:2431,1
DA:2433,1
DA:2434,1
DA:2435,1
DA:2436,1
DA:2437,1
DA:2438,1
DA:2439,1
DA:2440,1
DA:2441,1
DA:2442,1
DA:2443,1
DA:2444,1
DA:2447,1
DA:2448,1
DA:2449,1
DA:2450,1
DA:2451,1
DA:2453,1
DA:2454,1
DA:2455,1
DA:2456,1
DA:2457,1
DA:2458,1
DA:2459,1
DA:2460,1
DA:2461,1
DA:2462,1
DA:2463,1
DA:2464,1
DA:2465,1
DA:2467,1
DA:2468,1
DA:2469,1
DA:2470,1
DA:2471,1
DA:2472,1
DA:2473,1
DA:2474,1
DA:2475,1
DA:2476,1
DA:2479,1
DA:2480,1
DA:2481,1
DA:2482,1
DA:2483,1
DA:2485,1
DA:2486,1
DA:2487,1
DA:2488,1
DA:2489,1
DA:2490,1
DA:2491,1
DA:2492,1
DA:2493,1
DA:2494,1
DA:2495,1
DA:2496,1
DA:2497,1
DA:2498,1
DA:2499,1
DA:2500,1
DA:2501,1
DA:2503,1
DA:2504,1
DA:2505,1
DA:2506,1
DA:2507,1
DA:2508,1
DA:2509,1
DA:2510,1
DA:2511,1
DA:2512,1
DA:2513,1
DA:2515,1
DA:2516,1
DA:2517,1
DA:2518,1
DA:2519,1
DA:2520,1
DA:2521,1
DA:2522,1
DA:2523,1
DA:2524,1
DA:2525,1
DA:2528,1
DA:2529,1
DA:2530,1
DA:2531,1
DA:2532,1
DA:2534,1
DA:2535,1
DA:2536,1
DA:2537,1
DA:2538,1
DA:2539,1
DA:2540,1
DA:2541,1
DA:2542,1
DA:2543,1
DA:2544,1
DA:2545,1
DA:2546,1
DA:2547,1
DA:2548,1
DA:2549,1
DA:2550,1
DA:2552,1
DA:2553,1
DA:2554,1
DA:2555,1
DA:2556,1
DA:2557,1
DA:2558,1
DA:2559,1
DA:2560,1
DA:2561,1
DA:2563,1
DA:2564,1
DA:2565,1
DA:2566,1
DA:2567,1
DA:2568,1
DA:2569,1
DA:2570,1
DA:2571,1
DA:2572,1
DA:2573,1
DA:2574,1
DA:2575,1
DA:2577,1
DA:2578,1
DA:2581,1
DA:2582,1
DA:2583,1
DA:2584,1
DA:2585,1
DA:2587,1
DA:2588,1
DA:2589,1
DA:2590,1
DA:2591,1
DA:2592,1
DA:2593,1
DA:2594,1
DA:2595,1
DA:2596,1
DA:2597,1
DA:2598,1
DA:2599,1
DA:2600,1
DA:2601,1
DA:2602,1
DA:2603,1
DA:2605,1
DA:2606,1
DA:2607,1
DA:2608,1
DA:2609,1
DA:2610,1
DA:2611,1
DA:2612,1
DA:2613,1
DA:2614,1
DA:2615,1
DA:2616,1
DA:2617,1
DA:2619,1
DA:2620,1
DA:2621,1
DA:2622,1
DA:2623,1
DA:2624,1
DA:2625,1
DA:2626,1
DA:2627,1
DA:2628,1
DA:2629,1
DA:2630,1
DA:2631,1
DA:2634,1
DA:2635,1
DA:2636,1
DA:2637,1
DA:2638,1
DA:2640,1
DA:2641,1
DA:2642,1
DA:2643,1
DA:2644,1
DA:2645,1
DA:2646,1
DA:2647,1
DA:2648,1
DA:2649,1
DA:2650,1
DA:2652,1
DA:2653,1
DA:2654,1
DA:2655,1
DA:2656,1
DA:2657,1
DA:2658,1
DA:2659,1
DA:2660,1
DA:2661,1
DA:2664,1
DA:2665,1
DA:2666,1
DA:2667,1
DA:2668,1
DA:2670,1
DA:2671,1
DA:2672,1
DA:2673,1
DA:2674,1
DA:2675,1
DA:2676,1
DA:2677,1
DA:2678,1
DA:2679,1
DA:2680,1
DA:2681,1
DA:2682,1
DA:2683,1
DA:2684,1
DA:2685,1
DA:2686,1
DA:2688,1
DA:2689,1
DA:2690,1
DA:2691,1
DA:2692,1
DA:2693,1
DA:2694,1
DA:2695,1
DA:2696,1
DA:2697,1
DA:2698,1
DA:2699,1
DA:2700,1
DA:2702,1
DA:2703,1
DA:2704,1
DA:2705,1
DA:2706,1
DA:2707,1
DA:2708,1
DA:2709,1
DA:2710,1
DA:2711,1
DA:2712,1
DA:2713,1
DA:2714,1
DA:2717,1
DA:2718,1
DA:2719,1
DA:2720,1
DA:2721,1
DA:2723,1
DA:2724,1
DA:2725,1
DA:2726,1
DA:2727,1
DA:2728,1
DA:2729,1
DA:2730,1
DA:2731,1
DA:2732,1
DA:2733,1
DA:2734,1
DA:2735,1
DA:2736,1
DA:2738,1
DA:2739,1
DA:2742,1
DA:2743,1
DA:2744,1
DA:2745,1
DA:2746,1
DA:2748,1
DA:2749,1
DA:2750,1
DA:2751,1
DA:2752,1
DA:2753,1
DA:2754,1
DA:2755,1
DA:2756,1
DA:2757,1
DA:2758,1
DA:2759,1
DA:2760,1
DA:2761,1
DA:2762,1
DA:2763,1
DA:2764,1
DA:2766,1
DA:2767,1
DA:2768,1
DA:2769,1
DA:2770,1
DA:2771,1
DA:2772,1
DA:2773,1
DA:2774,1
DA:2775,1
DA:2776,1
DA:2777,1
DA:2778,1
DA:2779,1
DA:2781,1
DA:2782,1
DA:2783,1
DA:2784,1
DA:2785,1
DA:2786,1
DA:2787,1
DA:2788,1
DA:2789,1
DA:2791,1
DA:2792,1
DA:2793,1
DA:2794,1
DA:2795,1
DA:2796,1
DA:2797,1
DA:2798,1
DA:2799,1
DA:2800,1
DA:2801,1
DA:2802,1
DA:2803,1
DA:2804,1
DA:2807,1
DA:2808,1
DA:2809,1
DA:2810,1
DA:2811,1
DA:2813,1
DA:2814,1
DA:2815,1
DA:2816,1
DA:2817,1
DA:2818,1
DA:2819,1
DA:2820,1
DA:2821,1
DA:2822,1
DA:2823,1
DA:2824,1
DA:2825,1
DA:2826,1
DA:2827,1
DA:2828,1
DA:2829,1
DA:2831,2
DA:2832,1
DA:2833,1
DA:2834,1
DA:2835,2
DA:2836,2
DA:2837,2
DA:2838,2
DA:2839,2
DA:2840,2
DA:2841,2
DA:2842,2
DA:2843,2
DA:2844,2
DA:2845,2
DA:2846,2
DA:2847,2
DA:2848,2
DA:2849,2
DA:2850,2
DA:2851,2
DA:2852,2
DA:2854,2
DA:2857,1
DA:2858,1
DA:2859,1
DA:2860,1
DA:2861,1
DA:2862,1
DA:2863,1
DA:2864,1
DA:2865,1
DA:2867,1
DA:2868,1
DA:2869,1
DA:2870,1
DA:2871,1
DA:2872,1
DA:2873,1
DA:2874,1
DA:2876,1
DA:2877,1
DA:2878,1
DA:2879,1
DA:2880,1
DA:2881,1
DA:2882,1
DA:2883,1
DA:2884,1
DA:2885,1
DA:2886,1
DA:2889,1
DA:2890,1
DA:2891,1
DA:2892,1
DA:2893,1
DA:2895,1
DA:2896,1
DA:2897,1
DA:2898,1
DA:2899,1
DA:2900,1
DA:2901,1
DA:2902,1
DA:2903,1
DA:2904,1
DA:2905,1
DA:2906,1
DA:2907,1
DA:2908,1
DA:2909,1
DA:2910,1
DA:2911,1
DA:2913,1
DA:2914,1
DA:2915,1
DA:2916,1
DA:2917,1
DA:2918,1
DA:2919,1
DA:2920,1
DA:2921,1
DA:2923,1
DA:2924,1
DA:2925,1
DA:2926,1
DA:2927,1
DA:2928,1
DA:2929,1
DA:2930,1
DA:2932,1
DA:2933,1
DA:2934,1
DA:2935,1
DA:2936,1
DA:2939,1
DA:2940,1
DA:2941,1
DA:2942,1
DA:2943,1
DA:2945,1
DA:2946,1
DA:2947,1
DA:2948,1
DA:2949,1
DA:2950,1
DA:2951,1
DA:2952,1
DA:2953,1
DA:2954,1
DA:2955,1
DA:2956,1
DA:2957,1
DA:2958,1
DA:2959,1
DA:2960,1
DA:2961,1
DA:2963,1
DA:2964,1
DA:2965,1
DA:2966,1
DA:2967,1
DA:2968,1
DA:2969,1
DA:2970,1
DA:2971,1
DA:2972,1
DA:2973,1
DA:2975,1
DA:2976,1
DA:2980,1
DA:2981,1
DA:2982,1
DA:2983,1
DA:2984,1
DA:2986,1
DA:2987,1
DA:2988,1
DA:2989,1
DA:2990,1
DA:2991,1
DA:2992,1
DA:2993,1
DA:2994,1
DA:2995,1
DA:2996,1
DA:2997,1
DA:2998,1
DA:2999,1
DA:3000,1
DA:3001,1
DA:3002,1
DA:3004,3
DA:3005,1
DA:3006,1
DA:3007,1
DA:3008,1
DA:3009,1
DA:3010,1
DA:3011,1
DA:3012,1
DA:3013,1
DA:3014,1
DA:3015,1
DA:3016,1
DA:3017,1
DA:3018,3
DA:3019,3
DA:3020,3
DA:3021,3
DA:3022,3
DA:3023,3
DA:3024,3
DA:3025,3
DA:3026,3
DA:3027,3
DA:3028,3
DA:3029,3
DA:3030,3
DA:3033,1
DA:3034,1
DA:3035,1
DA:3036,1
DA:3037,1
DA:3038,1
DA:3039,1
DA:3040,1
DA:3041,1
DA:3042,1
DA:3044,1
DA:3045,1
DA:3046,1
DA:3047,1
DA:3048,1
DA:3049,1
DA:3050,1
DA:3051,1
DA:3052,1
DA:3053,1
DA:3054,1
DA:3055,1
DA:3056,1
DA:3057,1
DA:3058,1
DA:3059,1
DA:3060,1
DA:3061,1
DA:3062,1
DA:3063,1
DA:3064,1
DA:3065,1
DA:3066,1
DA:3067,1
DA:3069,1
DA:3070,1
DA:3071,1
DA:3072,1
DA:3073,1
DA:3074,1
DA:3075,1
DA:3076,1
DA:3077,1
DA:3079,1
DA:3080,1
DA:3081,1
DA:3082,1
DA:3083,1
DA:3084,1
DA:3085,1
DA:3086,1
DA:3087,1
DA:3088,1
DA:3089,1
DA:3090,1
DA:3091,1
DA:3092,1
DA:3093,1
DA:3094,1
DA:3095,1
DA:3096,1
DA:3097,1
DA:3098,1
DA:3099,1
DA:3100,1
DA:3101,1
DA:3103,1
DA:3104,1
DA:3105,1
DA:3106,1
DA:3107,1
DA:3108,1
DA:3109,1
DA:3110,1
DA:3111,1
DA:3112,1
DA:3113,1
DA:3116,1
DA:3117,1
DA:3118,1
DA:3119,1
DA:3120,1
DA:3122,1
DA:3123,1
DA:3124,1
DA:3125,1
DA:3126,1
DA:3127,1
DA:3128,1
DA:3129,1
DA:3130,1
DA:3131,1
DA:3132,1
DA:3133,1
DA:3134,1
DA:3135,1
DA:3136,1
DA:3137,1
DA:3138,1
DA:3140,1
DA:3141,1
DA:3142,1
DA:3143,1
DA:3144,1
DA:3145,1
DA:3146,1
DA:3147,1
DA:3148,1
DA:3149,1
DA:3150,1
DA:3151,1
DA:3152,1
DA:3153,1
DA:3154,1
DA:3155,1
DA:3156,1
DA:3157,1
DA:3158,1
DA:3160,1
DA:3161,1
DA:3164,1
DA:3165,1
DA:3166,1
DA:3167,1
DA:3168,1
DA:3170,1
DA:3171,1
DA:3172,1
DA:3173,1
DA:3174,1
DA:3175,1
DA:3176,1
DA:3177,1
DA:3178,1
DA:3179,1
DA:3180,1
DA:3181,1
DA:3182,1
DA:3183,1
DA:3184,1
DA:3185,1
DA:3186,1
DA:3188,1
DA:3189,1
DA:3190,1
DA:3191,1
DA:3192,1
DA:3193,1
DA:3194,1
DA:3195,1
DA:3196,1
DA:3197,1
DA:3198,1
DA:3199,1
DA:3200,1
DA:3202,1
DA:3203,1
DA:3204,1
DA:3205,1
DA:3206,1
DA:3207,1
DA:3208,1
DA:3209,1
DA:3210,1
DA:3211,1
DA:3213,1
DA:3214,1
DA:3215,1
DA:3216,1
DA:3217,1
DA:3218,1
DA:3219,1
DA:3220,1
DA:3221,1
DA:3222,1
DA:3223,1
DA:3224,1
DA:3225,1
DA:3226,1
DA:3227,1
DA:3228,1
DA:3230,1
DA:3231,1
DA:3232,1
DA:3233,1
DA:3234,1
DA:3235,1
DA:3236,1
DA:3237,1
DA:3238,1
DA:3239,1
DA:3240,1
DA:3241,1
DA:3242,1
DA:3243,1
DA:3244,1
DA:3249,1
DA:3250,1
DA:3251,1
DA:3252,1
DA:3253,1
DA:3255,1
DA:3256,1
DA:3257,1
DA:3258,1
DA:3259,1
DA:3260,1
DA:3261,1
DA:3262,1
DA:3263,1
DA:3264,1
DA:3265,1
DA:3266,1
DA:3267,1
DA:3268,1
DA:3269,1
DA:3270,1
DA:3271,1
DA:3273,3
DA:3274,1
DA:3275,1
DA:3276,1
DA:3277,1
DA:3278,1
DA:3279,1
DA:3280,1
DA:3281,1
DA:3282,1
DA:3283,1
DA:3284,1
DA:3285,1
DA:3286,1
DA:3287,1
DA:3288,1
DA:3289,1
DA:3290,1
DA:3291,1
DA:3292,1
DA:3293,1
DA:3294,1
DA:3295,1
DA:3296,1
DA:3297,1
DA:3298,1
DA:3299,1
DA:3300,1
DA:3301,1
DA:3302,3
DA:3303,3
DA:3304,3
DA:3305,3
DA:3306,3
DA:3307,3
DA:3308,3
DA:3309,3
DA:3310,3
DA:3311,3
DA:3312,3
DA:3313,3
DA:3314,3
DA:3317,1
DA:3318,1
DA:3319,1
DA:3320,1
DA:3321,1
DA:3322,1
DA:3323,1
DA:3324,1
DA:3325,1
DA:3326,1
DA:3328,1
DA:3329,1
DA:3330,1
DA:3331,1
DA:3332,1
DA:3333,1
DA:3334,1
DA:3335,1
DA:3336,1
DA:3337,1
DA:3338,1
DA:3339,1
DA:3340,1
DA:3341,1
DA:3342,1
DA:3343,1
DA:3344,1
DA:3345,1
DA:3346,1
DA:3347,1
DA:3348,1
DA:3349,1
DA:3350,1
DA:3351,1
DA:3352,1
DA:3353,1
DA:3354,1
DA:3355,1
DA:3356,1
DA:3357,1
DA:3359,1
DA:3360,1
DA:3361,1
DA:3362,1
DA:3363,1
DA:3364,1
DA:3365,1
DA:3366,1
DA:3367,1
DA:3368,1
DA:3369,1
DA:3370,1
DA:3371,1
DA:3372,1
DA:3373,1
DA:3374,1
DA:3375,1
DA:3376,1
DA:3377,1
DA:3378,1
DA:3379,1
DA:3380,1
DA:3381,1
DA:3382,1
DA:3383,1
DA:3384,1
DA:3385,1
DA:3386,1
DA:3387,1
DA:3389,1
DA:3390,1
DA:3391,1
DA:3392,1
DA:3393,1
DA:3394,1
DA:3395,1
DA:3396,1
DA:3397,1
DA:3398,1
DA:3399,1
DA:3400,1
DA:3401,1
DA:3402,1
DA:3403,1
DA:3404,1
DA:3405,1
DA:3406,1
DA:3407,1
DA:3408,1
DA:3409,1
DA:3410,1
DA:3411,1
DA:3412,1
DA:3413,1
DA:3414,1
DA:3415,1
DA:3416,1
DA:3417,1
DA:3418,1
DA:3419,1
DA:3420,1
DA:3421,1
DA:3423,1
DA:3424,1
DA:3425,1
DA:3426,1
DA:3427,1
DA:3428,1
DA:3429,1
DA:3430,1
DA:3431,1
DA:3432,1
DA:3433,1
DA:3434,1
DA:3435,1
DA:3436,1
DA:3437,1
DA:3438,1
DA:3439,1
DA:3440,1
DA:3441,1
DA:3442,1
DA:3443,1
DA:3444,1
DA:3445,1
DA:3446,1
DA:3447,1
DA:3448,1
DA:3449,1
DA:3450,1
DA:3451,1
DA:3452,1
DA:3453,1
DA:3454,1
DA:3455,1
DA:3456,1
DA:3457,1
DA:3458,1
DA:3459,1
DA:3460,1
DA:3463,1
DA:3464,1
DA:3465,1
DA:3466,1
DA:3467,1
DA:3469,1
DA:3470,1
DA:3471,1
DA:3472,1
DA:3473,1
DA:3474,1
DA:3475,1
DA:3476,1
DA:3477,1
DA:3478,1
DA:3479,1
DA:3480,1
DA:3481,1
DA:3482,1
DA:3483,1
DA:3484,1
DA:3485,1
DA:3487,3
DA:3488,1
DA:3489,1
DA:3490,1
DA:3491,1
DA:3492,1
DA:3493,1
DA:3494,1
DA:3495,1
DA:3496,1
DA:3497,1
DA:3498,1
DA:3499,1
DA:3500,1
DA:3501,3
DA:3502,3
DA:3503,3
DA:3504,3
DA:3505,3
DA:3506,3
DA:3507,3
DA:3508,3
DA:3509,3
DA:3510,3
DA:3511,3
DA:3512,3
DA:3513,3
DA:3516,1
DA:3517,1
DA:3518,1
DA:3519,1
DA:3520,1
DA:3521,1
DA:3522,1
DA:3523,1
DA:3524,1
DA:3525,1
DA:3527,1
DA:3528,1
DA:3529,1
DA:3530,1
DA:3531,1
DA:3532,1
DA:3533,1
DA:3534,1
DA:3535,1
DA:3536,1
DA:3537,1
DA:3538,1
DA:3539,1
DA:3540,1
DA:3541,1
DA:3542,1
DA:3543,1
DA:3544,1
DA:3545,1
DA:3546,1
DA:3547,1
DA:3548,1
DA:3549,1
DA:3550,1
DA:3551,1
DA:3553,1
DA:3554,1
DA:3555,1
DA:3556,1
DA:3557,1
DA:3558,1
DA:3559,1
DA:3560,1
DA:3561,1
DA:3562,1
DA:3565,1
DA:3566,1
DA:3567,1
DA:3568,1
DA:3569,1
DA:3571,1
DA:3572,1
DA:3573,1
DA:3574,1
DA:3575,1
DA:3576,1
DA:3577,1
DA:3578,1
DA:3579,1
DA:3580,1
DA:3581,1
DA:3582,1
DA:3583,1
DA:3584,1
DA:3585,1
DA:3586,1
DA:3587,1
DA:3589,4
DA:3590,1
DA:3591,1
DA:3592,1
DA:3593,1
DA:3594,1
DA:3595,1
DA:3596,1
DA:3597,1
DA:3598,1
DA:3599,1
DA:3600,1
DA:3601,1
DA:3602,1
DA:3603,1
DA:3604,1
DA:3605,1
DA:3606,1
DA:3607,1
DA:3608,1
DA:3609,1
DA:3610,1
DA:3611,1
DA:3612,1
DA:3613,1
DA:3614,1
DA:3615,1
DA:3616,1
DA:3617,1
DA:3618,1
DA:3619,4
DA:3620,4
DA:3621,4
DA:3622,4
DA:3623,4
DA:3624,4
DA:3625,4
DA:3626,4
DA:3627,4
DA:3628,4
DA:3629,4
DA:3630,4
DA:3631,1
DA:3632,4
DA:3633,1
DA:3634,1
DA:3638,1
DA:3639,1
[...]
FNDA:0,_RNCINvCsdta0SZ61r9E_19cloudsearch_storage21read_segment_snapshotRNtNtCsle0CjmPo1W9_3std4path7PathBufE0Cs8xbudISK7Q4_8coverage
FNDA:0,_RNCINvCsdta0SZ61r9E_19cloudsearch_storage22legacy_snapshot_existsRNtNtCsle0CjmPo1W9_3std4path7PathBufE0Cs8xbudISK7Q4_8coverage
FNDA:3,_RNCINvMs1_Csdta0SZ61r9E_19cloudsearch_storageNtB8_10WalManager4openNtNtCsle0CjmPo1W9_3std4path7PathBufE0Cs8xbudISK7Q4_8coverage
FNDA:0,_RNCNCINvCsdta0SZ61r9E_19cloudsearch_storage15read_doc_valuesRNtNtCsle0CjmPo1W9_3std4path7PathBufE00Cs8xbudISK7Q4_8coverage
FNDA:0,_RNCNCNvMs1_Csdta0SZ61r9E_19cloudsearch_storageNtB9_10WalManager16list_generations00Cs8xbudISK7Q4_8coverage
FNDA:0,_RNCNCNvMs1_Csdta0SZ61r9E_19cloudsearch_storageNtB9_10WalManager16list_generations0s0_0Cs8xbudISK7Q4_8coverage
FNDA:0,_RNCNCNvMs1_Csdta0SZ61r9E_19cloudsearch_storageNtB9_10WalManager16list_generations0s_0Cs8xbudISK7Q4_8coverage
FNDA:0,_RNCNCNvMs1_Csdta0SZ61r9E_19cloudsearch_storageNtB9_10WalManager18current_generation00Cs8xbudISK7Q4_8coverage
FNDA:3,_RNCNvMs1_Csdta0SZ61r9E_19cloudsearch_storageNtB7_10WalManager11replay_from0Cs8xbudISK7Q4_8coverage
FNDA:3,_RNCNvMs1_Csdta0SZ61r9E_19cloudsearch_storageNtB7_10WalManager16list_generations0Cs8xbudISK7Q4_8coverage
FNDA:7,_RNCNvMs1_Csdta0SZ61r9E_19cloudsearch_storageNtB7_10WalManager18current_generation0Cs8xbudISK7Q4_8coverage
FNDA:3,_RNCNvMs1_Csdta0SZ61r9E_19cloudsearch_storageNtB7_10WalManager25ensure_current_generation0Cs8xbudISK7Q4_8coverage
FNDA:4,_RNCNvMs1_Csdta0SZ61r9E_19cloudsearch_storageNtB7_10WalManager6append0Cs8xbudISK7Q4_8coverage
FNF:136
FNH:132
DA:58,1
DA:59,1
DA:60,1
DA:61,1
DA:62,1
DA:63,1
DA:86,121
DA:87,121
DA:88,121
DA:89,121
DA:90,121
DA:91,121
DA:92,121
DA:95,0
DA:96,0
DA:97,0
DA:98,0
DA:101,18
DA:102,18
DA:103,18
DA:107,0
DA:108,0
DA:109,0
DA:161,157
DA:162,157
DA:163,157
DA:165,157
DA:166,157
DA:167,157
DA:168,157
DA:177,1181
DA:178,1181
DA:179,1181
DA:180,1181
DA:181,1181
DA:182,1181
DA:184,1181
DA:185,1181
DA:186,1181
DA:187,1181
DA:188,1181
DA:189,1181
DA:190,1181
DA:192,1181
DA:193,1181
DA:194,1181
DA:195,1181
DA:196,1181
DA:197,1181
DA:198,1181
DA:199,1181
DA:200,1181
DA:202,1181
DA:203,1181
DA:209,19
DA:210,19
DA:211,19
DA:217,156
DA:218,156
DA:219,156
DA:221,155
DA:222,38
DA:223,38
DA:224,38
DA:225,38
DA:227,38
DA:229,90
DA:230,60
DA:231,60
DA:232,60
DA:233,1
DA:234,1
DA:235,1
DA:236,59
DA:238,59
DA:240,59
DA:241,59
DA:242,59
DA:243,59
DA:244,59
DA:245,59
DA:246,59
DA:247,59
DA:248,59
DA:250,59
DA:251,59
DA:252,59
DA:253,59
DA:255,59
DA:256,59
DA:257,59
DA:258,59
DA:261,59
DA:262,59
DA:264,59
DA:265,2
DA:266,1
DA:267,1
DA:269,1
DA:270,1
DA:271,1
DA:272,57
DA:274,57
DA:275,57
DA:276,4
DA:277,53
DA:279,53
DA:280,52
DA:281,47
DA:282,47
DA:283,47
DA:284,47
DA:285,47
DA:286,47
DA:288,52
DA:292,147
DA:293,156
DA:299,2
DA:300,2
DA:301,2
DA:302,2
DA:303,2
DA:304,2
DA:305,2
DA:306,2
DA:309,11
DA:310,11
DA:311,11
DA:317,169
DA:318,169
DA:319,169
DA:321,392
DA:322,224
DA:323,224
DA:324,169
DA:325,55
DA:327,55
DA:328,0
DA:331,55
DA:332,1
DA:333,1
DA:334,1
DA:335,1
DA:336,1
DA:337,54
DA:340,168
DA:341,168
DA:342,169
DA:348,16
DA:349,16
DA:350,16
DA:351,16
DA:352,16
DA:358,10
DA:359,10
DA:360,10
DA:362,10
DA:363,10
DA:364,2
DA:365,8
DA:367,8
DA:368,8
DA:369,8
DA:371,8
DA:372,8
DA:373,0
DA:376,10
DA:377,10
DA:379,157
DA:380,157
DA:381,157
DA:382,137
DA:383,20
DA:385,157
DA:386,157
DA:388,1364
DA:389,1364
DA:390,1364
DA:391,1
DA:392,1
DA:393,1364
DA:395,1537
DA:396,1537
DA:397,1537
DA:399,1235
DA:400,1235
DA:401,1235
DA:403,8
DA:404,8
DA:405,8
DA:406,0
DA:407,8
DA:409,8
DA:410,8
DA:411,8
DA:413,8
DA:414,8
DA:416,23
DA:417,15
DA:419,15
DA:420,15
DA:421,15
DA:422,15
DA:423,15
DA:424,15
DA:425,15
DA:426,15
DA:427,15
DA:429,15
DA:431,15
DA:432,0
DA:433,15
DA:435,15
DA:436,15
DA:439,8
DA:440,8
DA:447,5
DA:448,5
DA:449,5
DA:450,5
DA:452,5
DA:453,1
DA:454,4
DA:456,4
DA:457,4
DA:458,5
DA:464,7
DA:465,7
DA:466,1
DA:467,6
DA:468,6
DA:469,6
DA:470,7
DA:472,150
DA:473,150
DA:474,150
DA:476,8
DA:477,8
DA:478,8
DA:487,8
DA:488,8
DA:489,8
DA:490,8
DA:491,8
DA:492,8
DA:493,8
DA:495,8
DA:496,8
DA:498,8
DA:499,8
DA:500,8
DA:501,8
DA:502,8
DA:503,8
DA:504,8
DA:506,8
DA:507,8
DA:508,8
DA:509,8
DA:510,8
DA:511,8
DA:512,8
DA:513,8
DA:514,8
DA:515,8
DA:516,8
DA:520,8
DA:521,8
DA:523,8
DA:524,8
DA:530,14
DA:531,14
DA:532,14
DA:533,14
DA:534,14
DA:535,14
DA:536,14
DA:542,134
DA:543,134
DA:544,134
DA:545,134
DA:546,134
DA:548,134
DA:549,132
DA:550,2
DA:552,2
DA:553,2
DA:555,4
DA:556,2
DA:557,2
DA:558,2
DA:559,2
DA:560,2
DA:561,2
DA:563,2
DA:564,2
DA:565,2
DA:566,2
DA:567,2
DA:569,2
DA:570,2
DA:571,2
DA:572,2
DA:573,2
DA:574,2
DA:575,2
DA:576,2
DA:578,0
DA:581,2
DA:582,134
DA:588,8
DA:589,8
DA:590,8
DA:591,8
DA:592,8
DA:593,8
DA:595,8
DA:596,8
DA:597,8
DA:599,8
DA:600,8
DA:603,8
DA:604,8
DA:606,8
DA:607,8
DA:609,29
DA:610,29
DA:611,29
DA:613,12
DA:614,12
DA:615,0
DA:616,0
DA:617,0
DA:618,12
DA:619,12
DA:620,0
DA:621,0
DA:622,0
DA:623,12
DA:624,12
DA:625,0
DA:626,0
DA:627,0
DA:628,12
DA:629,12
DA:630,0
DA:631,0
DA:632,0
DA:633,12
DA:634,12
DA:635,12
DA:637,13
DA:638,13
DA:639,13
DA:641,9
DA:642,9
DA:643,9
DA:649,6
DA:650,6
DA:651,6
DA:652,6
DA:653,6
DA:654,6
DA:655,6
DA:656,6
DA:657,6
DA:658,6
DA:660,6
DA:661,6
DA:662,6
DA:663,0
DA:664,0
DA:665,0
DA:666,6
DA:668,6
DA:669,6
DA:670,6
DA:671,6
DA:673,6
DA:674,6
DA:675,6
DA:676,6
DA:677,6
DA:680,6
DA:681,6
DA:684,6
DA:686,6
DA:687,6
DA:693,3
DA:694,3
DA:695,3
DA:696,3
DA:697,3
DA:698,3
DA:699,3
DA:700,2
DA:701,1
DA:702,1
DA:703,1
DA:704,3
DA:710,2
DA:711,2
DA:712,2
DA:713,2
DA:714,2
DA:715,2
DA:716,2
DA:717,1
DA:718,1
DA:719,1
DA:720,1
DA:721,2
DA:727,1
DA:728,1
DA:729,1
DA:730,1
DA:731,0
DA:732,1
DA:734,1
DA:735,1
DA:737,7
DA:738,6
DA:739,6
DA:740,6
DA:742,6
DA:743,3
DA:744,3
DA:746,3
DA:747,3
DA:750,3
DA:751,3
DA:752,3
DA:753,0
DA:754,0
DA:755,0
DA:756,3
DA:758,3
DA:761,1
DA:762,1
DA:763,1
DA:769,1
DA:770,1
DA:771,1
DA:772,1
DA:773,1
DA:775,1
DA:776,1
DA:777,0
DA:778,1
DA:779,1
DA:780,0
DA:781,1
DA:782,1
DA:784,267
DA:785,267
DA:786,267
DA:789,18
DA:790,18
DA:791,18
DA:797,132
DA:798,132
DA:799,132
DA:800,132
DA:801,132
DA:802,132
DA:803,132
DA:804,132
DA:805,132
DA:806,132
DA:808,132
DA:809,132
DA:810,132
DA:811,132
DA:817,135
DA:818,135
DA:819,135
DA:820,0
DA:821,135
DA:822,135
DA:823,135
DA:824,135
DA:830,0
DA:831,0
DA:832,0
DA:834,13
DA:835,13
DA:836,13
DA:838,1181
DA:839,1181
DA:840,1166
DA:841,14
DA:842,1
DA:844,1181
DA:846,53
DA:847,53
DA:848,53
DA:849,1
DA:850,1
DA:851,1
DA:853,53
DA:861,1
DA:862,1
DA:863,1
DA:864,1
DA:865,1
DA:866,1
DA:867,1
DA:868,1
DA:869,1
DA:871,1
DA:872,1
DA:873,1
DA:875,1
DA:876,1
DA:877,1
DA:878,1
DA:880,1
DA:881,1
DA:884,1
DA:885,1
DA:886,1
DA:887,1
DA:888,1
DA:889,1
DA:890,1
DA:891,1
DA:892,1
DA:893,1
DA:894,1
DA:895,1
DA:896,1
DA:897,1
DA:899,1
DA:901,1
DA:902,1
DA:903,1
DA:906,1
DA:907,1
DA:909,1
DA:910,1
DA:911,1
DA:913,1
DA:914,1
DA:917,1
DA:918,1
DA:919,1
DA:921,1
DA:922,1
DA:923,1
DA:924,1
DA:925,1
DA:926,1
DA:927,1
DA:928,1
DA:929,1
DA:930,1
DA:931,1
DA:932,1
DA:934,1
DA:935,1
DA:936,1
DA:937,1
DA:938,1
DA:939,1
DA:940,1
DA:941,1
DA:942,1
DA:944,1
DA:946,1
DA:947,1
DA:948,1
DA:949,1
DA:952,1
DA:953,1
DA:954,1
DA:956,1
DA:957,1
DA:958,1
DA:959,1
DA:960,1
DA:961,1
DA:962,1
DA:963,1
DA:964,1
DA:965,1
DA:966,1
DA:967,1
DA:969,1
DA:970,1
DA:971,1
DA:972,1
DA:973,1
DA:974,1
DA:975,1
DA:976,1
DA:978,1
DA:979,1
DA:980,1
DA:983,1
DA:984,1
DA:985,1
DA:987,1
DA:988,1
DA:989,1
DA:990,1
DA:991,1
DA:992,1
DA:993,1
DA:994,1
DA:995,1
DA:996,1
DA:997,1
DA:998,1
DA:1000,1
DA:1001,1
DA:1002,1
DA:1003,1
DA:1004,1
DA:1006,1
DA:1007,1
DA:1008,1
DA:1009,1
DA:1010,1
DA:1011,1
DA:1014,1
DA:1015,1
DA:1016,1
DA:1018,1
DA:1020,1
DA:1021,1
DA:1022,1
DA:1023,1
DA:1024,1
DA:1025,1
DA:1026,1
DA:1027,1
DA:1028,1
DA:1029,1
DA:1030,1
DA:1031,1
DA:1033,1
DA:1034,1
DA:1037,1
DA:1038,1
DA:1039,1
DA:1041,3
DA:1042,3
DA:1043,3
DA:1044,3
DA:1045,3
DA:1046,3
DA:1047,3
DA:1048,3
DA:1049,3
DA:1050,3
DA:1051,3
DA:1052,3
DA:1053,3
DA:1056,1
DA:1057,1
DA:1058,1
DA:1059,1
DA:1062,1
DA:1063,1
DA:1064,1
DA:1066,1
DA:1067,1
DA:1068,1
DA:1069,1
DA:1070,1
DA:1071,1
DA:1072,1
DA:1073,1
DA:1074,1
DA:1075,1
DA:1076,1
DA:1077,1
DA:1079,1
DA:1080,1
DA:1082,1
DA:1083,1
DA:1084,1
DA:1085,1
DA:1086,1
DA:1087,1
DA:1088,1
DA:1089,1
DA:1090,1
DA:1091,1
DA:1092,1
DA:1093,1
DA:1095,1
DA:1096,1
DA:1098,1
DA:1099,1
DA:1100,1
DA:1101,1
DA:1102,1
DA:1105,1
DA:1106,1
DA:1107,1
DA:1109,1
DA:1110,1
DA:1111,1
DA:1112,1
DA:1113,1
DA:1114,1
DA:1115,1
DA:1116,1
DA:1117,1
DA:1118,1
DA:1119,1
DA:1120,1
DA:1121,1
DA:1122,1
DA:1123,1
DA:1124,1
DA:1125,1
DA:1126,1
DA:1127,1
DA:1128,1
DA:1129,1
DA:1130,1
DA:1131,1
DA:1132,1
DA:1133,1
DA:1135,1
DA:1136,1
DA:1137,1
DA:1138,1
DA:1139,1
DA:1142,1
DA:1143,1
DA:1144,1
DA:1146,1
DA:1147,1
DA:1148,1
DA:1149,1
DA:1150,1
DA:1151,1
DA:1152,1
DA:1153,1
DA:1154,1
DA:1155,1
DA:1156,1
DA:1157,1
DA:1159,1
DA:1160,1
DA:1161,1
DA:1162,1
DA:1163,1
DA:1166,1
DA:1167,1
DA:1168,1
DA:1170,1
DA:1171,1
DA:1173,1
DA:1174,1
DA:1175,1
DA:1176,1
DA:1177,1
DA:1178,1
DA:1179,1
DA:1182,1
DA:1183,1
DA:1186,1
DA:1187,1
DA:1188,1
DA:1190,1
DA:1191,1
DA:1192,1
DA:1194,1
DA:1195,1
DA:1196,1
DA:1197,1
DA:1198,1
DA:1199,1
DA:1202,1
DA:1203,1
DA:1204,1
DA:1206,1
DA:1207,1
DA:1208,1
DA:1209,1
DA:1210,1
DA:1211,1
DA:1212,1
DA:1213,1
DA:1214,1
DA:1215,1
DA:1216,1
DA:1217,1
DA:1219,1
DA:1220,1
DA:1221,1
DA:1222,1
DA:1224,1
DA:1225,1
DA:1226,1
DA:1227,1
DA:1228,1
DA:1229,1
DA:1232,1
DA:1233,1
DA:1234,1
DA:1236,1
DA:1237,1
DA:1238,1
DA:1239,1
DA:1240,1
DA:1241,1
DA:1242,1
DA:1243,1
DA:1244,1
DA:1245,1
DA:1247,1
DA:1248,1
DA:1249,1
DA:1250,1
DA:1251,1
DA:1252,1
DA:1253,1
DA:1254,1
DA:1255,1
DA:1256,1
DA:1259,1
DA:1260,1
DA:1261,1
DA:1263,1
DA:1264,1
DA:1265,1
DA:1266,1
DA:1267,1
DA:1268,1
DA:1269,1
DA:1270,1
DA:1271,1
DA:1272,1
DA:1273,1
DA:1274,1
DA:1276,1
DA:1277,1
DA:1278,1
DA:1279,1
DA:1280,1
DA:1281,1
DA:1282,1
DA:1283,1
DA:1285,1
DA:1286,1
DA:1287,1
DA:1288,1
DA:1289,1
DA:1290,1
DA:1291,1
DA:1293,1
DA:1294,1
DA:1295,1
DA:1296,1
DA:1297,1
DA:1298,1
DA:1299,1
DA:1300,1
DA:1301,1
DA:1302,1
DA:1303,1
DA:1305,1
DA:1306,1
DA:1307,1
DA:1308,1
DA:1311,1
DA:1312,1
DA:1313,1
DA:1315,1
DA:1316,1
DA:1317,1
DA:1318,1
DA:1319,1
DA:1320,1
DA:1321,1
DA:1322,1
DA:1323,1
DA:1324,1
DA:1325,1
DA:1326,1
DA:1328,1
DA:1329,1
DA:1330,1
DA:1331,1
DA:1333,1
DA:1334,1
DA:1335,1
DA:1336,1
DA:1337,1
DA:1338,1
DA:1339,1
DA:1342,1
DA:1343,1
DA:1344,1
DA:1346,1
DA:1347,1
DA:1348,1
DA:1349,1
DA:1350,1
DA:1351,1
DA:1352,1
DA:1353,1
DA:1354,1
DA:1355,1
DA:1356,1
DA:1357,1
DA:1359,1
DA:1361,1
DA:1362,1
DA:1363,1
DA:1364,1
DA:1365,1
DA:1366,1
DA:1367,1
DA:1368,1
DA:1369,1
DA:1370,1
DA:1371,1
DA:1372,1
DA:1375,1
DA:1376,1
DA:1377,1
DA:1378,1
DA:1380,1
DA:1381,1
DA:1382,1
DA:1383,1
DA:1384,1
DA:1385,1
DA:1388,1
DA:1389,1
DA:1390,1
DA:1393,1
DA:1394,1
DA:1395,1
DA:1396,1
DA:1397,1
DA:1398,1
DA:1399,1
DA:1400,1
DA:1401,1
DA:1402,1
DA:1403,1
DA:1404,1
DA:1406,1
DA:1409,1
DA:1410,1
DA:1411,1
DA:1412,1
DA:1413,1
DA:1414,1
DA:1415,1
DA:1416,1
DA:1417,1
DA:1418,1
DA:1419,1
DA:1420,1
DA:1424,1
DA:1425,1
DA:1426,1
DA:1427,1
DA:1430,1
DA:1431,1
DA:1432,1
DA:1433,1
DA:1434,1
DA:1435,1
DA:1436,1
DA:1437,1
DA:1440,1
DA:1441,1
DA:1442,1
DA:1444,1
DA:1445,1
DA:1446,1
DA:1447,1
DA:1448,1
DA:1449,1
DA:1450,1
DA:1451,1
DA:1452,1
DA:1453,1
DA:1454,1
DA:1455,1
DA:1458,1
DA:1459,1
DA:1460,1
DA:1461,1
DA:1463,1
DA:1464,1
DA:1465,1
DA:1466,1
DA:1467,1
DA:1468,1
DA:1471,1
DA:1472,1
DA:1473,1
DA:1475,1
DA:1476,1
DA:1477,1
DA:1478,1
DA:1479,1
DA:1480,1
DA:1481,1
DA:1482,1
DA:1483,1
DA:1484,1
DA:1485,1
DA:1486,1
DA:1488,1
DA:1489,1
DA:1490,1
DA:1491,1
DA:1493,1
DA:1494,1
DA:1495,1
DA:1496,1
DA:1497,1
DA:1498,1
DA:1501,1
DA:1503,1
DA:1504,1
DA:1506,1
DA:1507,1
DA:1508,1
DA:1509,1
DA:1510,1
DA:1511,1
DA:1512,1
DA:1513,1
DA:1514,1
DA:1515,1
DA:1516,1
DA:1517,1
DA:1518,1
DA:1519,1
DA:1520,1
DA:1521,1
DA:1522,1
DA:1523,1
DA:1524,1
DA:1525,1
DA:1526,1
DA:1527,1
DA:1528,1
DA:1529,1
DA:1531,1
DA:1533,1
DA:1534,1
DA:1535,1
DA:1536,1
DA:1537,1
DA:1538,1
DA:1539,1
DA:1540,1
DA:1541,1
DA:1542,1
DA:1543,1
DA:1544,1
DA:1545,1
DA:1546,1
DA:1547,1
DA:1548,1
DA:1549,1
DA:1550,1
DA:1551,1
DA:1552,1
DA:1553,1
DA:1554,1
DA:1555,1
DA:1556,1
DA:1558,1
DA:1559,1
DA:1560,1
DA:1561,1
DA:1562,1
DA:1563,1
DA:1564,1
DA:1567,1
DA:1569,1
DA:1571,1
DA:1572,1
DA:1573,1
DA:1575,1
DA:1576,1
DA:1577,1
DA:1578,1
DA:1579,1
DA:1580,1
DA:1581,1
DA:1582,1
DA:1583,1
DA:1584,1
DA:1585,1
DA:1586,1
DA:1588,1
DA:1589,1
DA:1590,1
DA:1591,1
DA:1594,1
DA:1596,1
DA:1597,1
DA:1599,3
DA:1600,3
DA:1601,3
DA:1602,3
DA:1603,3
DA:1604,3
DA:1605,3
DA:1606,3
DA:1607,3
DA:1608,3
DA:1609,3
DA:1610,3
DA:1611,3
DA:1615,1
DA:1616,1
DA:1617,1
DA:1618,1
DA:1620,1
DA:1621,1
DA:1622,1
DA:1623,1
DA:1624,1
DA:1625,1
DA:1626,1
DA:1627,1
DA:1628,1
DA:1631,1
DA:1634,1
DA:1635,1
DA:1637,3
DA:1638,3
DA:1639,3
DA:1640,3
DA:1641,3
DA:1642,3
DA:1643,3
DA:1644,3
DA:1645,3
DA:1646,3
DA:1647,3
DA:1648,3
DA:1649,3
DA:1652,1
DA:1654,1
DA:1655,1
DA:1656,1
DA:1657,1
DA:1658,1
DA:1659,1
DA:1660,1
DA:1661,1
DA:1662,1
DA:1663,1
DA:1664,1
DA:1665,1
DA:1666,1
DA:1667,1
DA:1668,1
DA:1669,1
DA:1670,1
DA:1671,1
DA:1672,1
DA:1673,1
DA:1674,1
DA:1675,1
DA:1676,1
DA:1677,1
DA:1680,1
DA:1681,1
DA:1682,1
DA:1683,1
DA:1684,1
DA:1689,1
DA:1690,1
DA:1691,1
DA:1692,1
DA:1693,1
DA:1694,1
DA:1695,1
DA:1696,1
DA:1697,1
DA:1698,1
DA:1699,1
DA:1700,1
DA:1701,1
DA:1702,1
DA:1703,1
DA:1705,1
DA:1706,1
DA:1708,1
DA:1709,1
DA:1710,1
DA:1711,1
DA:1712,1
DA:1713,1
DA:1714,1
DA:1716,1
DA:1717,1
DA:1718,1
DA:1720,1
DA:1721,1
DA:1722,1
DA:1723,1
DA:1725,1
DA:1726,1
DA:1729,1
DA:1730,1
DA:1732,3
DA:1733,3
DA:1734,3
DA:1735,3
DA:1736,3
DA:1737,3
DA:1738,3
DA:1739,3
DA:1740,3
DA:1741,3
DA:1743,3
DA:1744,3
DA:1745,3
DA:1746,3
DA:1747,3
DA:1748,3
DA:1749,3
DA:1751,3
DA:1752,3
DA:1753,3
DA:1754,3
DA:1755,3
DA:1756,3
DA:1757,3
DA:1758,3
DA:1761,1
DA:1762,1
DA:1763,1
DA:1765,1
DA:1766,1
DA:1767,1
DA:1768,1
DA:1769,1
DA:1772,1
DA:1773,1
DA:1774,1
DA:1775,1
DA:1776,1
DA:1777,1
DA:1778,1
DA:1779,1
DA:1780,1
DA:1782,1
DA:1783,1
DA:1785,1
DA:1786,1
DA:1787,1
DA:1788,1
DA:1789,1
DA:1790,1
DA:1791,1
DA:1793,1
DA:1794,1
DA:1795,1
DA:1797,1
DA:1798,1
DA:1799,1
DA:1801,1
DA:1802,1
DA:1803,1
DA:1804,1
DA:1805,1
DA:1808,1
DA:1809,1
DA:1810,1
DA:1811,1
DA:1812,1
DA:1813,1
DA:1815,1
DA:1816,1
DA:1818,1
DA:1819,1
DA:1820,1
DA:1821,1
DA:1822,1
DA:1823,1
DA:1824,1
DA:1826,1
DA:1827,1
DA:1828,1
DA:1830,1
DA:1831,1
DA:1832,1
DA:1833,1
DA:1835,1
DA:1836,1
DA:1837,1
DA:1838,1
DA:1841,1
DA:1842,1
DA:1844,1
DA:1845,1
DA:1846,1
DA:1847,1
DA:1849,1
DA:1850,1
DA:1851,1
DA:1852,1
DA:1853,1
BRF:0
BRH:0
LF:1409
LH:1370
end_of_record
SF:/Users/poyrazk/dev/Cloud/cloudSearch/rust/crates/cloudsearch-storage/src/positions_writer.rs
FN:24,_RNvMNtCsdta0SZ61r9E_19cloudsearch_storage16positions_writerNtB2_15PositionsWriter12add_document
FN:15,_RNvMNtCsdta0SZ61r9E_19cloudsearch_storage16positions_writerNtB2_15PositionsWriter3new
FN:44,_RNvMNtCsdta0SZ61r9E_19cloudsearch_storage16positions_writerNtB2_15PositionsWriter5build
FN:94,_RNvMNtCsdta0SZ61r9E_19cloudsearch_storage16positions_writerNtB2_15PositionsWriter5write
FN:132,_RNvNtCsdta0SZ61r9E_19cloudsearch_storage16positions_writer14positions_path
FN:144,_RNvNtCsdta0SZ61r9E_19cloudsearch_storage16positions_writer15write_positions
FN:127,_RNvXs_NtCsdta0SZ61r9E_19cloudsearch_storage16positions_writerNtB4_15PositionsWriterNtNtCsiMcf32LsBml_4core7default7Default7default
FN:155,_RNCNCNvNtCsdta0SZ61r9E_19cloudsearch_storage16positions_writer15write_positions00B7_
FN:29,_RNCNvMNtCsdta0SZ61r9E_19cloudsearch_storage16positions_writerNtB4_15PositionsWriter12add_document0B6_
FN:98,_RNCNvMNtCsdta0SZ61r9E_19cloudsearch_storage16positions_writerNtB4_15PositionsWriter5write0B6_
FN:148,_RNCNvNtCsdta0SZ61r9E_19cloudsearch_storage16positions_writer15write_positions0B5_
FN:29,_RNCNvMNtCsginlMGZDIBp_19cloudsearch_storage16positions_writerNtB4_15PositionsWriter12add_document0B6_
FN:24,_RNvMNtCsginlMGZDIBp_19cloudsearch_storage16positions_writerNtB2_15PositionsWriter12add_document
FN:144,_RNvNtCsginlMGZDIBp_19cloudsearch_storage16positions_writer15write_positions
FN:127,_RNvXs_NtCsginlMGZDIBp_19cloudsearch_storage16positions_writerNtB4_15PositionsWriterNtNtCsiMcf32LsBml_4core7default7Default7default
FN:155,_RNCNCNvNtCsginlMGZDIBp_19cloudsearch_storage16positions_writer15write_positions00B7_
FN:98,_RNCNvMNtCsginlMGZDIBp_19cloudsearch_storage16positions_writerNtB4_15PositionsWriter5write0B6_
FN:148,_RNCNvNtCsginlMGZDIBp_19cloudsearch_storage16positions_writer15write_positions0B5_
FN:15,_RNvMNtCsginlMGZDIBp_19cloudsearch_storage16positions_writerNtB2_15PositionsWriter3new
FN:44,_RNvMNtCsginlMGZDIBp_19cloudsearch_storage16positions_writerNtB2_15PositionsWriter5build
FN:94,_RNvMNtCsginlMGZDIBp_19cloudsearch_storage16positions_writerNtB2_15PositionsWriter5write
FN:132,_RNvNtCsginlMGZDIBp_19cloudsearch_storage16positions_writer14positions_path
FNDA:0,_RNvMNtCsdta0SZ61r9E_19cloudsearch_storage16positions_writerNtB2_15PositionsWriter12add_document
FNDA:14,_RNvMNtCsdta0SZ61r9E_19cloudsearch_storage16positions_writerNtB2_15PositionsWriter3new
FNDA:14,_RNvMNtCsdta0SZ61r9E_19cloudsearch_storage16positions_writerNtB2_15PositionsWriter5build
FNDA:14,_RNvMNtCsdta0SZ61r9E_19cloudsearch_storage16positions_writerNtB2_15PositionsWriter5write
FNDA:28,_RNvNtCsdta0SZ61r9E_19cloudsearch_storage16positions_writer14positions_path
FNDA:14,_RNvNtCsdta0SZ61r9E_19cloudsearch_storage16positions_writer15write_positions
FNDA:0,_RNvXs_NtCsdta0SZ61r9E_19cloudsearch_storage16positions_writerNtB4_15PositionsWriterNtNtCsiMcf32LsBml_4core7default7Default7default
FNDA:30,_RNCNCNvNtCsdta0SZ61r9E_19cloudsearch_storage16positions_writer15write_positions00B7_
FNDA:0,_RNCNvMNtCsdta0SZ61r9E_19cloudsearch_storage16positions_writerNtB4_15PositionsWriter12add_document0B6_
FNDA:14,_RNCNvMNtCsdta0SZ61r9E_19cloudsearch_storage16positions_writerNtB4_15PositionsWriter5write0B6_
FNDA:14,_RNCNvNtCsdta0SZ61r9E_19cloudsearch_storage16positions_writer15write_positions0B5_
FNDA:0,_RNCNvMNtCsginlMGZDIBp_19cloudsearch_storage16positions_writerNtB4_15PositionsWriter12add_document0B6_
FNDA:0,_RNvMNtCsginlMGZDIBp_19cloudsearch_storage16positions_writerNtB2_15PositionsWriter12add_document
FNDA:0,_RNvNtCsginlMGZDIBp_19cloudsearch_storage16positions_writer15write_positions
FNDA:0,_RNvXs_NtCsginlMGZDIBp_19cloudsearch_storage16positions_writerNtB4_15PositionsWriterNtNtCsiMcf32LsBml_4core7default7Default7default
FNDA:0,_RNCNCNvNtCsginlMGZDIBp_19cloudsearch_storage16positions_writer15write_positions00B7_
FNDA:0,_RNCNvMNtCsginlMGZDIBp_19cloudsearch_storage16positions_writerNtB4_15PositionsWriter5write0B6_
FNDA:0,_RNCNvNtCsginlMGZDIBp_19cloudsearch_storage16positions_writer15write_positions0B5_
FNDA:0,_RNvMNtCsginlMGZDIBp_19cloudsearch_storage16positions_writerNtB2_15PositionsWriter3new
FNDA:0,_RNvMNtCsginlMGZDIBp_19cloudsearch_storage16positions_writerNtB2_15PositionsWriter5build
FNDA:0,_RNvMNtCsginlMGZDIBp_19cloudsearch_storage16positions_writerNtB2_15PositionsWriter5write
FNDA:0,_RNvNtCsginlMGZDIBp_19cloudsearch_storage16positions_writer14positions_path
FNF:11
FNH:8
DA:15,14
DA:16,14
DA:17,14
DA:18,14
DA:19,14
DA:24,0
DA:25,0
DA:26,0
DA:27,0
DA:28,0
DA:29,0
DA:31,0
DA:32,0
DA:33,0
DA:34,0
DA:35,0
DA:37,0
DA:44,14
DA:45,14
DA:48,14
DA:49,14
DA:51,14
DA:52,14
DA:53,14
DA:57,14
DA:58,14
DA:60,30
DA:61,30
DA:63,30
DA:64,30
DA:65,44
DA:66,44
DA:67,44
DA:68,44
DA:69,44
DA:70,44
DA:71,44
DA:72,44
DA:77,30
DA:78,30
DA:79,30
DA:80,30
DA:81,30
DA:82,30
DA:85,14
DA:87,14
DA:88,14
DA:94,14
DA:95,14
DA:96,14
DA:97,14
DA:98,14
DA:99,14
DA:100,14
DA:101,14
DA:103,14
DA:104,14
DA:105,14
DA:106,14
DA:107,14
DA:108,14
DA:109,14
DA:110,14
DA:111,14
DA:112,14
DA:114,14
DA:116,14
DA:117,14
DA:118,14
DA:119,14
DA:120,14
DA:122,14
DA:123,14
DA:127,0
DA:128,0
DA:129,0
DA:132,28
DA:133,28
DA:134,28
DA:144,14
DA:145,14
DA:146,14
DA:147,14
DA:148,14
DA:149,14
DA:150,30
DA:151,44
DA:152,44
DA:153,44
DA:154,44
DA:155,44
DA:157,44
DA:160,14
DA:161,14
BRF:0
BRH:0
LF:98
LH:82
end_of_record